The system is: Linux - 5.15.167.4-microsoft-standard-WSL2 - x86_64
Compiling the CXX compiler identification source file "CMakeCXXCompilerId.cpp" succeeded.
Compiler: /usr/bin/c++ 
Build flags: 
Id flags:  

The output was:
0


Compilation of the CXX compiler identification source "CMakeCXXCompilerId.cpp" produced "a.out"

The CXX compiler identification is GNU, found in "/home/kluo/repo/optimlib/build/CMakeFiles/3.25.1/CompilerIdCXX/a.out"

Detecting CXX compiler ABI info compiled with the following output:
Change Dir: /home/kluo/repo/optimlib/build/CMakeFiles/CMakeScratch/TryCompile-QBIJ1s

Run Build Command(s):/usr/bin/gmake -f Makefile cmTC_b8762/fast && /usr/bin/gmake  -f CMakeFiles/cmTC_b8762.dir/build.make CMakeFiles/cmTC_b8762.dir/build
gmake[1]: Entering directory '/home/kluo/repo/optimlib/build/CMakeFiles/CMakeScratch/TryCompile-QBIJ1s'
Building CXX object CMakeFiles/cmTC_b8762.dir/CMakeCXXCompilerABI.cpp.o
/usr/bin/c++   -v -o CMakeFiles/cmTC_b8762.dir/CMakeCXXCompilerABI.cpp.o -c /usr/share/cmake-3.25/Modules/CMakeCXXCompilerABI.cpp
Using built-in specs.
COLLECT_GCC=/usr/bin/c++
OFFLOAD_TARGET_NAMES=nvptx-none:amdgcn-amdhsa
OFFLOAD_TARGET_DEFAULT=1
Target: x86_64-linux-gnu
Configured with: ../src/configure -v --with-pkgversion='Debian 12.2.0-14' --with-bugurl=file:///usr/share/doc/gcc-12/README.Bugs --enable-languages=c,ada,c++,go,d,fortran,objc,obj-c++,m2 --prefix=/usr --with-gcc-major-version-only --program-suffix=-12 --program-prefix=x86_64-linux-gnu- --enable-shared --enable-linker-build-id --libexecdir=/usr/lib --without-included-gettext --enable-threads=posix --libdir=/usr/lib --enable-nls --enable-clocale=gnu --enable-libstdcxx-debug --enable-libstdcxx-time=yes --with-default-libstdcxx-abi=new --enable-gnu-unique-object --disable-vtable-verify --enable-plugin --enable-default-pie --with-system-zlib --enable-libphobos-checking=release --with-target-system-zlib=auto --enable-objc-gc=auto --enable-multiarch --disable-werror --enable-cet --with-arch-32=i686 --with-abi=m64 --with-multilib-list=m32,m64,mx32 --enable-multilib --with-tune=generic --enable-offload-targets=nvptx-none=/build/gcc-12-bTRWOB/gcc-12-12.2.0/debian/tmp-nvptx/usr,amdgcn-amdhsa=/build/gcc-12-bTRWOB/gcc-12-12.2.0/debian/tmp-gcn/usr --enable-offload-defaulted --without-cuda-driver --enable-checking=release --build=x86_64-linux-gnu --host=x86_64-linux-gnu --target=x86_64-linux-gnu
Thread model: posix
Supported LTO compression algorithms: zlib zstd
gcc version 12.2.0 (Debian 12.2.0-14) 
COLLECT_GCC_OPTIONS='-v' '-o' 'CMakeFiles/cmTC_b8762.dir/CMakeCXXCompilerABI.cpp.o' '-c' '-shared-libgcc' '-mtune=generic' '-march=x86-64' '-dumpdir' 'CMakeFiles/cmTC_b8762.dir/'
 /usr/lib/gcc/x86_64-linux-gnu/12/cc1plus -quiet -v -imultiarch x86_64-linux-gnu -D_GNU_SOURCE /usr/share/cmake-3.25/Modules/CMakeCXXCompilerABI.cpp -quiet -dumpdir CMakeFiles/cmTC_b8762.dir/ -dumpbase CMakeCXXCompilerABI.cpp.cpp -dumpbase-ext .cpp -mtune=generic -march=x86-64 -version -fasynchronous-unwind-tables -o /tmp/ccdVsSs4.s
GNU C++17 (Debian 12.2.0-14) version 12.2.0 (x86_64-linux-gnu)
	compiled by GNU C version 12.2.0, GMP version 6.2.1, MPFR version 4.1.1-p1, MPC version 1.3.1, isl version isl-0.25-GMP

warning: MPFR header version 4.1.1-p1 differs from library version 4.2.0.
GGC heuristics: --param ggc-min-expand=100 --param ggc-min-heapsize=131072
ignoring duplicate directory "/usr/include/x86_64-linux-gnu/c++/12"
ignoring nonexistent directory "/usr/local/include/x86_64-linux-gnu"
ignoring nonexistent directory "/usr/lib/gcc/x86_64-linux-gnu/12/include-fixed"
ignoring nonexistent directory "/usr/lib/gcc/x86_64-linux-gnu/12/../../../../x86_64-linux-gnu/include"
#include "..." search starts here:
#include <...> search starts here:
 /opt/intel/oneapi/umf/0.9/include
 /opt/intel/oneapi/tbb/2022.0/env/../include
 /opt/intel/oneapi/pti/0.10/include
 /opt/intel/oneapi/mpi/2021.14/include
 /opt/intel/oneapi/mkl/2025.0/include
 /opt/intel/oneapi/ippcp/2025.0/include
 /opt/intel/oneapi/ipp/2022.0/include
 /opt/intel/oneapi/dpl/2022.7/include
 /opt/intel/oneapi/dpcpp-ct/2025.0/include
 /opt/intel/oneapi/dnnl/2025.0/include
 /opt/intel/oneapi/dev-utilities/2025.0/include
 /opt/intel/oneapi/dal/2025.0/include
 /opt/intel/oneapi/ccl/2021.14/include
 /usr/include/c++/12
 /usr/include/x86_64-linux-gnu/c++/12
 /usr/include/c++/12/backward
 /usr/lib/gcc/x86_64-linux-gnu/12/include
 /usr/local/include
 /usr/include/x86_64-linux-gnu
 /usr/include
End of search list.
GNU C++17 (Debian 12.2.0-14) version 12.2.0 (x86_64-linux-gnu)
	compiled by GNU C version 12.2.0, GMP version 6.2.1, MPFR version 4.1.1-p1, MPC version 1.3.1, isl version isl-0.25-GMP

warning: MPFR header version 4.1.1-p1 differs from library version 4.2.0.
GGC heuristics: --param ggc-min-expand=100 --param ggc-min-heapsize=131072
Compiler executable checksum: 62b090dbbefa50644117a3c13d47369a
COLLECT_GCC_OPTIONS='-v' '-o' 'CMakeFiles/cmTC_b8762.dir/CMakeCXXCompilerABI.cpp.o' '-c' '-shared-libgcc' '-mtune=generic' '-march=x86-64' '-dumpdir' 'CMakeFiles/cmTC_b8762.dir/'
 as -v --64 -o CMakeFiles/cmTC_b8762.dir/CMakeCXXCompilerABI.cpp.o /tmp/ccdVsSs4.s
GNU assembler version 2.40 (x86_64-linux-gnu) using BFD version (GNU Binutils for Debian) 2.40
COMPILER_PATH=/usr/lib/gcc/x86_64-linux-gnu/12/:/usr/lib/gcc/x86_64-linux-gnu/12/:/usr/lib/gcc/x86_64-linux-gnu/:/usr/lib/gcc/x86_64-linux-gnu/12/:/usr/lib/gcc/x86_64-linux-gnu/
LIBRARY_PATH=/opt/intel/oneapi/tcm/1.2/lib/../lib/:/opt/intel/oneapi/umf/0.9/lib/../lib/:/opt/intel/oneapi/tbb/2022.0/env/../lib/intel64/gcc4.8/../lib/:/opt/intel/oneapi/pti/0.10/lib/../lib/:/opt/intel/oneapi/mpi/2021.14/lib/../lib/:/opt/intel/oneapi/mkl/2025.0/lib/../lib/:/opt/intel/oneapi/ippcp/2025.0/lib/../lib/:/opt/intel/oneapi/ipp/2022.0/lib/../lib/:/opt/intel/oneapi/dnnl/2025.0/lib/../lib/:/opt/intel/oneapi/dal/2025.0/lib/../lib/:/opt/intel/oneapi/compiler/2025.0/lib/../lib/:/opt/intel/oneapi/ccl/2021.14/lib/../lib/:/usr/lib/gcc/x86_64-linux-gnu/12/:/usr/lib/gcc/x86_64-linux-gnu/12/../../../x86_64-linux-gnu/:/usr/lib/gcc/x86_64-linux-gnu/12/../../../../lib/:/lib/x86_64-linux-gnu/:/lib/../lib/:/usr/lib/x86_64-linux-gnu/:/usr/lib/../lib/:/opt/intel/oneapi/tcm/1.2/lib/:/opt/intel/oneapi/umf/0.9/lib/:/opt/intel/oneapi/tbb/2022.0/env/../lib/intel64/gcc4.8/:/opt/intel/oneapi/pti/0.10/lib/:/opt/intel/oneapi/mpi/2021.14/lib/:/opt/intel/oneapi/mkl/2025.0/lib/:/opt/intel/oneapi/ippcp/2025.0/lib/:/opt/intel/oneapi/ipp/2022.0/lib/:/opt/intel/oneapi/dnnl/2025.0/lib/:/opt/intel/oneapi/dal/2025.0/lib/:/opt/intel/oneapi/compiler/2025.0/lib/:/opt/intel/oneapi/ccl/2021.14/lib/:/usr/lib/gcc/x86_64-linux-gnu/12/../../../:/lib/:/usr/lib/
COLLECT_GCC_OPTIONS='-v' '-o' 'CMakeFiles/cmTC_b8762.dir/CMakeCXXCompilerABI.cpp.o' '-c' '-shared-libgcc' '-mtune=generic' '-march=x86-64' '-dumpdir' 'CMakeFiles/cmTC_b8762.dir/CMakeCXXCompilerABI.cpp.'
Linking CXX executable cmTC_b8762
/usr/bin/cmake -E cmake_link_script CMakeFiles/cmTC_b8762.dir/link.txt --verbose=1
/usr/bin/c++  -v CMakeFiles/cmTC_b8762.dir/CMakeCXXCompilerABI.cpp.o -o cmTC_b8762 
Using built-in specs.
COLLECT_GCC=/usr/bin/c++
COLLECT_LTO_WRAPPER=/usr/lib/gcc/x86_64-linux-gnu/12/lto-wrapper
OFFLOAD_TARGET_NAMES=nvptx-none:amdgcn-amdhsa
OFFLOAD_TARGET_DEFAULT=1
Target: x86_64-linux-gnu
Configured with: ../src/configure -v --with-pkgversion='Debian 12.2.0-14' --with-bugurl=file:///usr/share/doc/gcc-12/README.Bugs --enable-languages=c,ada,c++,go,d,fortran,objc,obj-c++,m2 --prefix=/usr --with-gcc-major-version-only --program-suffix=-12 --program-prefix=x86_64-linux-gnu- --enable-shared --enable-linker-build-id --libexecdir=/usr/lib --without-included-gettext --enable-threads=posix --libdir=/usr/lib --enable-nls --enable-clocale=gnu --enable-libstdcxx-debug --enable-libstdcxx-time=yes --with-default-libstdcxx-abi=new --enable-gnu-unique-object --disable-vtable-verify --enable-plugin --enable-default-pie --with-system-zlib --enable-libphobos-checking=release --with-target-system-zlib=auto --enable-objc-gc=auto --enable-multiarch --disable-werror --enable-cet --with-arch-32=i686 --with-abi=m64 --with-multilib-list=m32,m64,mx32 --enable-multilib --with-tune=generic --enable-offload-targets=nvptx-none=/build/gcc-12-bTRWOB/gcc-12-12.2.0/debian/tmp-nvptx/usr,amdgcn-amdhsa=/build/gcc-12-bTRWOB/gcc-12-12.2.0/debian/tmp-gcn/usr --enable-offload-defaulted --without-cuda-driver --enable-checking=release --build=x86_64-linux-gnu --host=x86_64-linux-gnu --target=x86_64-linux-gnu
Thread model: posix
Supported LTO compression algorithms: zlib zstd
gcc version 12.2.0 (Debian 12.2.0-14) 
COMPILER_PATH=/usr/lib/gcc/x86_64-linux-gnu/12/:/usr/lib/gcc/x86_64-linux-gnu/12/:/usr/lib/gcc/x86_64-linux-gnu/:/usr/lib/gcc/x86_64-linux-gnu/12/:/usr/lib/gcc/x86_64-linux-gnu/
LIBRARY_PATH=/opt/intel/oneapi/tcm/1.2/lib/../lib/:/opt/intel/oneapi/umf/0.9/lib/../lib/:/opt/intel/oneapi/tbb/2022.0/env/../lib/intel64/gcc4.8/../lib/:/opt/intel/oneapi/pti/0.10/lib/../lib/:/opt/intel/oneapi/mpi/2021.14/lib/../lib/:/opt/intel/oneapi/mkl/2025.0/lib/../lib/:/opt/intel/oneapi/ippcp/2025.0/lib/../lib/:/opt/intel/oneapi/ipp/2022.0/lib/../lib/:/opt/intel/oneapi/dnnl/2025.0/lib/../lib/:/opt/intel/oneapi/dal/2025.0/lib/../lib/:/opt/intel/oneapi/compiler/2025.0/lib/../lib/:/opt/intel/oneapi/ccl/2021.14/lib/../lib/:/usr/lib/gcc/x86_64-linux-gnu/12/:/usr/lib/gcc/x86_64-linux-gnu/12/../../../x86_64-linux-gnu/:/usr/lib/gcc/x86_64-linux-gnu/12/../../../../lib/:/lib/x86_64-linux-gnu/:/lib/../lib/:/usr/lib/x86_64-linux-gnu/:/usr/lib/../lib/:/opt/intel/oneapi/tcm/1.2/lib/:/opt/intel/oneapi/umf/0.9/lib/:/opt/intel/oneapi/tbb/2022.0/env/../lib/intel64/gcc4.8/:/opt/intel/oneapi/pti/0.10/lib/:/opt/intel/oneapi/mpi/2021.14/lib/:/opt/intel/oneapi/mkl/2025.0/lib/:/opt/intel/oneapi/ippcp/2025.0/lib/:/opt/intel/oneapi/ipp/2022.0/lib/:/opt/intel/oneapi/dnnl/2025.0/lib/:/opt/intel/oneapi/dal/2025.0/lib/:/opt/intel/oneapi/compiler/2025.0/lib/:/opt/intel/oneapi/ccl/2021.14/lib/:/usr/lib/gcc/x86_64-linux-gnu/12/../../../:/lib/:/usr/lib/
COLLECT_GCC_OPTIONS='-v' '-o' 'cmTC_b8762' '-shared-libgcc' '-mtune=generic' '-march=x86-64' '-dumpdir' 'cmTC_b8762.'
 /usr/lib/gcc/x86_64-linux-gnu/12/collect2 -plugin /usr/lib/gcc/x86_64-linux-gnu/12/liblto_plugin.so -plugin-opt=/usr/lib/gcc/x86_64-linux-gnu/12/lto-wrapper -plugin-opt=-fresolution=/tmp/ccveuSnm.res -plugin-opt=-pass-through=-lgcc_s -plugin-opt=-pass-through=-lgcc -plugin-opt=-pass-through=-lc -plugin-opt=-pass-through=-lgcc_s -plugin-opt=-pass-through=-lgcc --build-id --eh-frame-hdr -m elf_x86_64 --hash-style=gnu --as-needed -dynamic-linker /lib64/ld-linux-x86-64.so.2 -pie -o cmTC_b8762 /usr/lib/gcc/x86_64-linux-gnu/12/../../../x86_64-linux-gnu/Scrt1.o /usr/lib/gcc/x86_64-linux-gnu/12/../../../x86_64-linux-gnu/crti.o /usr/lib/gcc/x86_64-linux-gnu/12/crtbeginS.o -L/opt/intel/oneapi/tcm/1.2/lib/../lib -L/opt/intel/oneapi/umf/0.9/lib/../lib -L/opt/intel/oneapi/tbb/2022.0/env/../lib/intel64/gcc4.8/../lib -L/opt/intel/oneapi/pti/0.10/lib/../lib -L/opt/intel/oneapi/mpi/2021.14/lib/../lib -L/opt/intel/oneapi/mkl/2025.0/lib/../lib -L/opt/intel/oneapi/ippcp/2025.0/lib/../lib -L/opt/intel/oneapi/ipp/2022.0/lib/../lib -L/opt/intel/oneapi/dnnl/2025.0/lib/../lib -L/opt/intel/oneapi/dal/2025.0/lib/../lib -L/opt/intel/oneapi/compiler/2025.0/lib/../lib -L/opt/intel/oneapi/ccl/2021.14/lib/../lib -L/usr/lib/gcc/x86_64-linux-gnu/12 -L/usr/lib/gcc/x86_64-linux-gnu/12/../../../x86_64-linux-gnu -L/usr/lib/gcc/x86_64-linux-gnu/12/../../../../lib -L/lib/x86_64-linux-gnu -L/lib/../lib -L/usr/lib/x86_64-linux-gnu -L/usr/lib/../lib -L/opt/intel/oneapi/tcm/1.2/lib -L/opt/intel/oneapi/umf/0.9/lib -L/opt/intel/oneapi/tbb/2022.0/env/../lib/intel64/gcc4.8 -L/opt/intel/oneapi/pti/0.10/lib -L/opt/intel/oneapi/mpi/2021.14/lib -L/opt/intel/oneapi/mkl/2025.0/lib -L/opt/intel/oneapi/ippcp/2025.0/lib -L/opt/intel/oneapi/ipp/2022.0/lib -L/opt/intel/oneapi/dnnl/2025.0/lib -L/opt/intel/oneapi/dal/2025.0/lib -L/opt/intel/oneapi/compiler/2025.0/lib -L/opt/intel/oneapi/ccl/2021.14/lib -L/usr/lib/gcc/x86_64-linux-gnu/12/../../.. CMakeFiles/cmTC_b8762.dir/CMakeCXXCompilerABI.cpp.o -lstdc++ -lm -lgcc_s -lgcc -lc -lgcc_s -lgcc /usr/lib/gcc/x86_64-linux-gnu/12/crtendS.o /usr/lib/gcc/x86_64-linux-gnu/12/../../../x86_64-linux-gnu/crtn.o
COLLECT_GCC_OPTIONS='-v' '-o' 'cmTC_b8762' '-shared-libgcc' '-mtune=generic' '-march=x86-64' '-dumpdir' 'cmTC_b8762.'
gmake[1]: Leaving directory '/home/kluo/repo/optimlib/build/CMakeFiles/CMakeScratch/TryCompile-QBIJ1s'



Parsed CXX implicit include dir info from above output: rv=done
  found start of include info
  found start of implicit include info
    add: [/opt/intel/oneapi/umf/0.9/include]
    add: [/opt/intel/oneapi/tbb/2022.0/env/../include]
    add: [/opt/intel/oneapi/pti/0.10/include]
    add: [/opt/intel/oneapi/mpi/2021.14/include]
    add: [/opt/intel/oneapi/mkl/2025.0/include]
    add: [/opt/intel/oneapi/ippcp/2025.0/include]
    add: [/opt/intel/oneapi/ipp/2022.0/include]
    add: [/opt/intel/oneapi/dpl/2022.7/include]
    add: [/opt/intel/oneapi/dpcpp-ct/2025.0/include]
    add: [/opt/intel/oneapi/dnnl/2025.0/include]
    add: [/opt/intel/oneapi/dev-utilities/2025.0/include]
    add: [/opt/intel/oneapi/dal/2025.0/include]
    add: [/opt/intel/oneapi/ccl/2021.14/include]
    add: [/usr/include/c++/12]
    add: [/usr/include/x86_64-linux-gnu/c++/12]
    add: [/usr/include/c++/12/backward]
    add: [/usr/lib/gcc/x86_64-linux-gnu/12/include]
    add: [/usr/local/include]
    add: [/usr/include/x86_64-linux-gnu]
    add: [/usr/include]
  end of search list found
  collapse include dir [/opt/intel/oneapi/umf/0.9/include] ==> [/opt/intel/oneapi/umf/0.9/include]
  collapse include dir [/opt/intel/oneapi/tbb/2022.0/env/../include] ==> [/opt/intel/oneapi/tbb/2022.0/include]
  collapse include dir [/opt/intel/oneapi/pti/0.10/include] ==> [/opt/intel/oneapi/pti/0.10/include]
  collapse include dir [/opt/intel/oneapi/mpi/2021.14/include] ==> [/opt/intel/oneapi/mpi/2021.14/include]
  collapse include dir [/opt/intel/oneapi/mkl/2025.0/include] ==> [/opt/intel/oneapi/mkl/2025.0/include]
  collapse include dir [/opt/intel/oneapi/ippcp/2025.0/include] ==> [/opt/intel/oneapi/ippcp/2025.0/include]
  collapse include dir [/opt/intel/oneapi/ipp/2022.0/include] ==> [/opt/intel/oneapi/ipp/2022.0/include]
  collapse include dir [/opt/intel/oneapi/dpl/2022.7/include] ==> [/opt/intel/oneapi/dpl/2022.7/include]
  collapse include dir [/opt/intel/oneapi/dpcpp-ct/2025.0/include] ==> [/opt/intel/oneapi/dpcpp-ct/2025.0/include]
  collapse include dir [/opt/intel/oneapi/dnnl/2025.0/include] ==> [/opt/intel/oneapi/dnnl/2025.0/include]
  collapse include dir [/opt/intel/oneapi/dev-utilities/2025.0/include] ==> [/opt/intel/oneapi/dev-utilities/2025.0/include]
  collapse include dir [/opt/intel/oneapi/dal/2025.0/include] ==> [/opt/intel/oneapi/dal/2025.0/include]
  collapse include dir [/opt/intel/oneapi/ccl/2021.14/include] ==> [/opt/intel/oneapi/ccl/2021.14/include]
  collapse include dir [/usr/include/c++/12] ==> [/usr/include/c++/12]
  collapse include dir [/usr/include/x86_64-linux-gnu/c++/12] ==> [/usr/include/x86_64-linux-gnu/c++/12]
  collapse include dir [/usr/include/c++/12/backward] ==> [/usr/include/c++/12/backward]
  collapse include dir [/usr/lib/gcc/x86_64-linux-gnu/12/include] ==> [/usr/lib/gcc/x86_64-linux-gnu/12/include]
  collapse include dir [/usr/local/include] ==> [/usr/local/include]
  collapse include dir [/usr/include/x86_64-linux-gnu] ==> [/usr/include/x86_64-linux-gnu]
  collapse include dir [/usr/include] ==> [/usr/include]
  implicit include dirs: [/opt/intel/oneapi/umf/0.9/include;/opt/intel/oneapi/tbb/2022.0/include;/opt/intel/oneapi/pti/0.10/include;/opt/intel/oneapi/mpi/2021.14/include;/opt/intel/oneapi/mkl/2025.0/include;/opt/intel/oneapi/ippcp/2025.0/include;/opt/intel/oneapi/ipp/2022.0/include;/opt/intel/oneapi/dpl/2022.7/include;/opt/intel/oneapi/dpcpp-ct/2025.0/include;/opt/intel/oneapi/dnnl/2025.0/include;/opt/intel/oneapi/dev-utilities/2025.0/include;/opt/intel/oneapi/dal/2025.0/include;/opt/intel/oneapi/ccl/2021.14/include;/usr/include/c++/12;/usr/include/x86_64-linux-gnu/c++/12;/usr/include/c++/12/backward;/usr/lib/gcc/x86_64-linux-gnu/12/include;/usr/local/include;/usr/include/x86_64-linux-gnu;/usr/include]


Parsed CXX implicit link information from above output:
  link line regex: [^( *|.*[/\])(ld|CMAKE_LINK_STARTFILE-NOTFOUND|([^/\]+-)?ld|collect2)[^/\]*( |$)]
  ignore line: [Change Dir: /home/kluo/repo/optimlib/build/CMakeFiles/CMakeScratch/TryCompile-QBIJ1s]
  ignore line: []
  ignore line: [Run Build Command(s):/usr/bin/gmake -f Makefile cmTC_b8762/fast && /usr/bin/gmake  -f CMakeFiles/cmTC_b8762.dir/build.make CMakeFiles/cmTC_b8762.dir/build]
  ignore line: [gmake[1]: Entering directory '/home/kluo/repo/optimlib/build/CMakeFiles/CMakeScratch/TryCompile-QBIJ1s']
  ignore line: [Building CXX object CMakeFiles/cmTC_b8762.dir/CMakeCXXCompilerABI.cpp.o]
  ignore line: [/usr/bin/c++   -v -o CMakeFiles/cmTC_b8762.dir/CMakeCXXCompilerABI.cpp.o -c /usr/share/cmake-3.25/Modules/CMakeCXXCompilerABI.cpp]
  ignore line: [Using built-in specs.]
  ignore line: [COLLECT_GCC=/usr/bin/c++]
  ignore line: [OFFLOAD_TARGET_NAMES=nvptx-none:amdgcn-amdhsa]
  ignore line: [OFFLOAD_TARGET_DEFAULT=1]
  ignore line: [Target: x86_64-linux-gnu]
  ignore line: [Configured with: ../src/configure -v --with-pkgversion='Debian 12.2.0-14' --with-bugurl=file:///usr/share/doc/gcc-12/README.Bugs --enable-languages=c ada c++ go d fortran objc obj-c++ m2 --prefix=/usr --with-gcc-major-version-only --program-suffix=-12 --program-prefix=x86_64-linux-gnu- --enable-shared --enable-linker-build-id --libexecdir=/usr/lib --without-included-gettext --enable-threads=posix --libdir=/usr/lib --enable-nls --enable-clocale=gnu --enable-libstdcxx-debug --enable-libstdcxx-time=yes --with-default-libstdcxx-abi=new --enable-gnu-unique-object --disable-vtable-verify --enable-plugin --enable-default-pie --with-system-zlib --enable-libphobos-checking=release --with-target-system-zlib=auto --enable-objc-gc=auto --enable-multiarch --disable-werror --enable-cet --with-arch-32=i686 --with-abi=m64 --with-multilib-list=m32 m64 mx32 --enable-multilib --with-tune=generic --enable-offload-targets=nvptx-none=/build/gcc-12-bTRWOB/gcc-12-12.2.0/debian/tmp-nvptx/usr amdgcn-amdhsa=/build/gcc-12-bTRWOB/gcc-12-12.2.0/debian/tmp-gcn/usr --enable-offload-defaulted --without-cuda-driver --enable-checking=release --build=x86_64-linux-gnu --host=x86_64-linux-gnu --target=x86_64-linux-gnu]
  ignore line: [Thread model: posix]
  ignore line: [Supported LTO compression algorithms: zlib zstd]
  ignore line: [gcc version 12.2.0 (Debian 12.2.0-14) ]
  ignore line: [COLLECT_GCC_OPTIONS='-v' '-o' 'CMakeFiles/cmTC_b8762.dir/CMakeCXXCompilerABI.cpp.o' '-c' '-shared-libgcc' '-mtune=generic' '-march=x86-64' '-dumpdir' 'CMakeFiles/cmTC_b8762.dir/']
  ignore line: [ /usr/lib/gcc/x86_64-linux-gnu/12/cc1plus -quiet -v -imultiarch x86_64-linux-gnu -D_GNU_SOURCE /usr/share/cmake-3.25/Modules/CMakeCXXCompilerABI.cpp -quiet -dumpdir CMakeFiles/cmTC_b8762.dir/ -dumpbase CMakeCXXCompilerABI.cpp.cpp -dumpbase-ext .cpp -mtune=generic -march=x86-64 -version -fasynchronous-unwind-tables -o /tmp/ccdVsSs4.s]
  ignore line: [GNU C++17 (Debian 12.2.0-14) version 12.2.0 (x86_64-linux-gnu)]
  ignore line: [	compiled by GNU C version 12.2.0  GMP version 6.2.1  MPFR version 4.1.1-p1  MPC version 1.3.1  isl version isl-0.25-GMP]
  ignore line: []
  ignore line: [warning: MPFR header version 4.1.1-p1 differs from library version 4.2.0.]
  ignore line: [GGC heuristics: --param ggc-min-expand=100 --param ggc-min-heapsize=131072]
  ignore line: [ignoring duplicate directory "/usr/include/x86_64-linux-gnu/c++/12"]
  ignore line: [ignoring nonexistent directory "/usr/local/include/x86_64-linux-gnu"]
  ignore line: [ignoring nonexistent directory "/usr/lib/gcc/x86_64-linux-gnu/12/include-fixed"]
  ignore line: [ignoring nonexistent directory "/usr/lib/gcc/x86_64-linux-gnu/12/../../../../x86_64-linux-gnu/include"]
  ignore line: [#include "..." search starts here:]
  ignore line: [#include <...> search starts here:]
  ignore line: [ /opt/intel/oneapi/umf/0.9/include]
  ignore line: [ /opt/intel/oneapi/tbb/2022.0/env/../include]
  ignore line: [ /opt/intel/oneapi/pti/0.10/include]
  ignore line: [ /opt/intel/oneapi/mpi/2021.14/include]
  ignore line: [ /opt/intel/oneapi/mkl/2025.0/include]
  ignore line: [ /opt/intel/oneapi/ippcp/2025.0/include]
  ignore line: [ /opt/intel/oneapi/ipp/2022.0/include]
  ignore line: [ /opt/intel/oneapi/dpl/2022.7/include]
  ignore line: [ /opt/intel/oneapi/dpcpp-ct/2025.0/include]
  ignore line: [ /opt/intel/oneapi/dnnl/2025.0/include]
  ignore line: [ /opt/intel/oneapi/dev-utilities/2025.0/include]
  ignore line: [ /opt/intel/oneapi/dal/2025.0/include]
  ignore line: [ /opt/intel/oneapi/ccl/2021.14/include]
  ignore line: [ /usr/include/c++/12]
  ignore line: [ /usr/include/x86_64-linux-gnu/c++/12]
  ignore line: [ /usr/include/c++/12/backward]
  ignore line: [ /usr/lib/gcc/x86_64-linux-gnu/12/include]
  ignore line: [ /usr/local/include]
  ignore line: [ /usr/include/x86_64-linux-gnu]
  ignore line: [ /usr/include]
  ignore line: [End of search list.]
  ignore line: [GNU C++17 (Debian 12.2.0-14) version 12.2.0 (x86_64-linux-gnu)]
  ignore line: [	compiled by GNU C version 12.2.0  GMP version 6.2.1  MPFR version 4.1.1-p1  MPC version 1.3.1  isl version isl-0.25-GMP]
  ignore line: []
  ignore line: [warning: MPFR header version 4.1.1-p1 differs from library version 4.2.0.]
  ignore line: [GGC heuristics: --param ggc-min-expand=100 --param ggc-min-heapsize=131072]
  ignore line: [Compiler executable checksum: 62b090dbbefa50644117a3c13d47369a]
  ignore line: [COLLECT_GCC_OPTIONS='-v' '-o' 'CMakeFiles/cmTC_b8762.dir/CMakeCXXCompilerABI.cpp.o' '-c' '-shared-libgcc' '-mtune=generic' '-march=x86-64' '-dumpdir' 'CMakeFiles/cmTC_b8762.dir/']
  ignore line: [ as -v --64 -o CMakeFiles/cmTC_b8762.dir/CMakeCXXCompilerABI.cpp.o /tmp/ccdVsSs4.s]
  ignore line: [GNU assembler version 2.40 (x86_64-linux-gnu) using BFD version (GNU Binutils for Debian) 2.40]
  ignore line: [COMPILER_PATH=/usr/lib/gcc/x86_64-linux-gnu/12/:/usr/lib/gcc/x86_64-linux-gnu/12/:/usr/lib/gcc/x86_64-linux-gnu/:/usr/lib/gcc/x86_64-linux-gnu/12/:/usr/lib/gcc/x86_64-linux-gnu/]
  ignore line: [LIBRARY_PATH=/opt/intel/oneapi/tcm/1.2/lib/../lib/:/opt/intel/oneapi/umf/0.9/lib/../lib/:/opt/intel/oneapi/tbb/2022.0/env/../lib/intel64/gcc4.8/../lib/:/opt/intel/oneapi/pti/0.10/lib/../lib/:/opt/intel/oneapi/mpi/2021.14/lib/../lib/:/opt/intel/oneapi/mkl/2025.0/lib/../lib/:/opt/intel/oneapi/ippcp/2025.0/lib/../lib/:/opt/intel/oneapi/ipp/2022.0/lib/../lib/:/opt/intel/oneapi/dnnl/2025.0/lib/../lib/:/opt/intel/oneapi/dal/2025.0/lib/../lib/:/opt/intel/oneapi/compiler/2025.0/lib/../lib/:/opt/intel/oneapi/ccl/2021.14/lib/../lib/:/usr/lib/gcc/x86_64-linux-gnu/12/:/usr/lib/gcc/x86_64-linux-gnu/12/../../../x86_64-linux-gnu/:/usr/lib/gcc/x86_64-linux-gnu/12/../../../../lib/:/lib/x86_64-linux-gnu/:/lib/../lib/:/usr/lib/x86_64-linux-gnu/:/usr/lib/../lib/:/opt/intel/oneapi/tcm/1.2/lib/:/opt/intel/oneapi/umf/0.9/lib/:/opt/intel/oneapi/tbb/2022.0/env/../lib/intel64/gcc4.8/:/opt/intel/oneapi/pti/0.10/lib/:/opt/intel/oneapi/mpi/2021.14/lib/:/opt/intel/oneapi/mkl/2025.0/lib/:/opt/intel/oneapi/ippcp/2025.0/lib/:/opt/intel/oneapi/ipp/2022.0/lib/:/opt/intel/oneapi/dnnl/2025.0/lib/:/opt/intel/oneapi/dal/2025.0/lib/:/opt/intel/oneapi/compiler/2025.0/lib/:/opt/intel/oneapi/ccl/2021.14/lib/:/usr/lib/gcc/x86_64-linux-gnu/12/../../../:/lib/:/usr/lib/]
  ignore line: [COLLECT_GCC_OPTIONS='-v' '-o' 'CMakeFiles/cmTC_b8762.dir/CMakeCXXCompilerABI.cpp.o' '-c' '-shared-libgcc' '-mtune=generic' '-march=x86-64' '-dumpdir' 'CMakeFiles/cmTC_b8762.dir/CMakeCXXCompilerABI.cpp.']
  ignore line: [Linking CXX executable cmTC_b8762]
  ignore line: [/usr/bin/cmake -E cmake_link_script CMakeFiles/cmTC_b8762.dir/link.txt --verbose=1]
  ignore line: [/usr/bin/c++  -v CMakeFiles/cmTC_b8762.dir/CMakeCXXCompilerABI.cpp.o -o cmTC_b8762 ]
  ignore line: [Using built-in specs.]
  ignore line: [COLLECT_GCC=/usr/bin/c++]
  ignore line: [COLLECT_LTO_WRAPPER=/usr/lib/gcc/x86_64-linux-gnu/12/lto-wrapper]
  ignore line: [OFFLOAD_TARGET_NAMES=nvptx-none:amdgcn-amdhsa]
  ignore line: [OFFLOAD_TARGET_DEFAULT=1]
  ignore line: [Target: x86_64-linux-gnu]
  ignore line: [Configured with: ../src/configure -v --with-pkgversion='Debian 12.2.0-14' --with-bugurl=file:///usr/share/doc/gcc-12/README.Bugs --enable-languages=c ada c++ go d fortran objc obj-c++ m2 --prefix=/usr --with-gcc-major-version-only --program-suffix=-12 --program-prefix=x86_64-linux-gnu- --enable-shared --enable-linker-build-id --libexecdir=/usr/lib --without-included-gettext --enable-threads=posix --libdir=/usr/lib --enable-nls --enable-clocale=gnu --enable-libstdcxx-debug --enable-libstdcxx-time=yes --with-default-libstdcxx-abi=new --enable-gnu-unique-object --disable-vtable-verify --enable-plugin --enable-default-pie --with-system-zlib --enable-libphobos-checking=release --with-target-system-zlib=auto --enable-objc-gc=auto --enable-multiarch --disable-werror --enable-cet --with-arch-32=i686 --with-abi=m64 --with-multilib-list=m32 m64 mx32 --enable-multilib --with-tune=generic --enable-offload-targets=nvptx-none=/build/gcc-12-bTRWOB/gcc-12-12.2.0/debian/tmp-nvptx/usr amdgcn-amdhsa=/build/gcc-12-bTRWOB/gcc-12-12.2.0/debian/tmp-gcn/usr --enable-offload-defaulted --without-cuda-driver --enable-checking=release --build=x86_64-linux-gnu --host=x86_64-linux-gnu --target=x86_64-linux-gnu]
  ignore line: [Thread model: posix]
  ignore line: [Supported LTO compression algorithms: zlib zstd]
  ignore line: [gcc version 12.2.0 (Debian 12.2.0-14) ]
  ignore line: [COMPILER_PATH=/usr/lib/gcc/x86_64-linux-gnu/12/:/usr/lib/gcc/x86_64-linux-gnu/12/:/usr/lib/gcc/x86_64-linux-gnu/:/usr/lib/gcc/x86_64-linux-gnu/12/:/usr/lib/gcc/x86_64-linux-gnu/]
  ignore line: [LIBRARY_PATH=/opt/intel/oneapi/tcm/1.2/lib/../lib/:/opt/intel/oneapi/umf/0.9/lib/../lib/:/opt/intel/oneapi/tbb/2022.0/env/../lib/intel64/gcc4.8/../lib/:/opt/intel/oneapi/pti/0.10/lib/../lib/:/opt/intel/oneapi/mpi/2021.14/lib/../lib/:/opt/intel/oneapi/mkl/2025.0/lib/../lib/:/opt/intel/oneapi/ippcp/2025.0/lib/../lib/:/opt/intel/oneapi/ipp/2022.0/lib/../lib/:/opt/intel/oneapi/dnnl/2025.0/lib/../lib/:/opt/intel/oneapi/dal/2025.0/lib/../lib/:/opt/intel/oneapi/compiler/2025.0/lib/../lib/:/opt/intel/oneapi/ccl/2021.14/lib/../lib/:/usr/lib/gcc/x86_64-linux-gnu/12/:/usr/lib/gcc/x86_64-linux-gnu/12/../../../x86_64-linux-gnu/:/usr/lib/gcc/x86_64-linux-gnu/12/../../../../lib/:/lib/x86_64-linux-gnu/:/lib/../lib/:/usr/lib/x86_64-linux-gnu/:/usr/lib/../lib/:/opt/intel/oneapi/tcm/1.2/lib/:/opt/intel/oneapi/umf/0.9/lib/:/opt/intel/oneapi/tbb/2022.0/env/../lib/intel64/gcc4.8/:/opt/intel/oneapi/pti/0.10/lib/:/opt/intel/oneapi/mpi/2021.14/lib/:/opt/intel/oneapi/mkl/2025.0/lib/:/opt/intel/oneapi/ippcp/2025.0/lib/:/opt/intel/oneapi/ipp/2022.0/lib/:/opt/intel/oneapi/dnnl/2025.0/lib/:/opt/intel/oneapi/dal/2025.0/lib/:/opt/intel/oneapi/compiler/2025.0/lib/:/opt/intel/oneapi/ccl/2021.14/lib/:/usr/lib/gcc/x86_64-linux-gnu/12/../../../:/lib/:/usr/lib/]
  ignore line: [COLLECT_GCC_OPTIONS='-v' '-o' 'cmTC_b8762' '-shared-libgcc' '-mtune=generic' '-march=x86-64' '-dumpdir' 'cmTC_b8762.']
  link line: [ /usr/lib/gcc/x86_64-linux-gnu/12/collect2 -plugin /usr/lib/gcc/x86_64-linux-gnu/12/liblto_plugin.so -plugin-opt=/usr/lib/gcc/x86_64-linux-gnu/12/lto-wrapper -plugin-opt=-fresolution=/tmp/ccveuSnm.res -plugin-opt=-pass-through=-lgcc_s -plugin-opt=-pass-through=-lgcc -plugin-opt=-pass-through=-lc -plugin-opt=-pass-through=-lgcc_s -plugin-opt=-pass-through=-lgcc --build-id --eh-frame-hdr -m elf_x86_64 --hash-style=gnu --as-needed -dynamic-linker /lib64/ld-linux-x86-64.so.2 -pie -o cmTC_b8762 /usr/lib/gcc/x86_64-linux-gnu/12/../../../x86_64-linux-gnu/Scrt1.o /usr/lib/gcc/x86_64-linux-gnu/12/../../../x86_64-linux-gnu/crti.o /usr/lib/gcc/x86_64-linux-gnu/12/crtbeginS.o -L/opt/intel/oneapi/tcm/1.2/lib/../lib -L/opt/intel/oneapi/umf/0.9/lib/../lib -L/opt/intel/oneapi/tbb/2022.0/env/../lib/intel64/gcc4.8/../lib -L/opt/intel/oneapi/pti/0.10/lib/../lib -L/opt/intel/oneapi/mpi/2021.14/lib/../lib -L/opt/intel/oneapi/mkl/2025.0/lib/../lib -L/opt/intel/oneapi/ippcp/2025.0/lib/../lib -L/opt/intel/oneapi/ipp/2022.0/lib/../lib -L/opt/intel/oneapi/dnnl/2025.0/lib/../lib -L/opt/intel/oneapi/dal/2025.0/lib/../lib -L/opt/intel/oneapi/compiler/2025.0/lib/../lib -L/opt/intel/oneapi/ccl/2021.14/lib/../lib -L/usr/lib/gcc/x86_64-linux-gnu/12 -L/usr/lib/gcc/x86_64-linux-gnu/12/../../../x86_64-linux-gnu -L/usr/lib/gcc/x86_64-linux-gnu/12/../../../../lib -L/lib/x86_64-linux-gnu -L/lib/../lib -L/usr/lib/x86_64-linux-gnu -L/usr/lib/../lib -L/opt/intel/oneapi/tcm/1.2/lib -L/opt/intel/oneapi/umf/0.9/lib -L/opt/intel/oneapi/tbb/2022.0/env/../lib/intel64/gcc4.8 -L/opt/intel/oneapi/pti/0.10/lib -L/opt/intel/oneapi/mpi/2021.14/lib -L/opt/intel/oneapi/mkl/2025.0/lib -L/opt/intel/oneapi/ippcp/2025.0/lib -L/opt/intel/oneapi/ipp/2022.0/lib -L/opt/intel/oneapi/dnnl/2025.0/lib -L/opt/intel/oneapi/dal/2025.0/lib -L/opt/intel/oneapi/compiler/2025.0/lib -L/opt/intel/oneapi/ccl/2021.14/lib -L/usr/lib/gcc/x86_64-linux-gnu/12/../../.. CMakeFiles/cmTC_b8762.dir/CMakeCXXCompilerABI.cpp.o -lstdc++ -lm -lgcc_s -lgcc -lc -lgcc_s -lgcc /usr/lib/gcc/x86_64-linux-gnu/12/crtendS.o /usr/lib/gcc/x86_64-linux-gnu/12/../../../x86_64-linux-gnu/crtn.o]
    arg [/usr/lib/gcc/x86_64-linux-gnu/12/collect2] ==> ignore
    arg [-plugin] ==> ignore
    arg [/usr/lib/gcc/x86_64-linux-gnu/12/liblto_plugin.so] ==> ignore
    arg [-plugin-opt=/usr/lib/gcc/x86_64-linux-gnu/12/lto-wrapper] ==> ignore
    arg [-plugin-opt=-fresolution=/tmp/ccveuSnm.res] ==> ignore
    arg [-plugin-opt=-pass-through=-lgcc_s] ==> ignore
    arg [-plugin-opt=-pass-through=-lgcc] ==> ignore
    arg [-plugin-opt=-pass-through=-lc] ==> ignore
    arg [-plugin-opt=-pass-through=-lgcc_s] ==> ignore
    arg [-plugin-opt=-pass-through=-lgcc] ==> ignore
    arg [--build-id] ==> ignore
    arg [--eh-frame-hdr] ==> ignore
    arg [-m] ==> ignore
    arg [elf_x86_64] ==> ignore
    arg [--hash-style=gnu] ==> ignore
    arg [--as-needed] ==> ignore
    arg [-dynamic-linker] ==> ignore
    arg [/lib64/ld-linux-x86-64.so.2] ==> ignore
    arg [-pie] ==> ignore
    arg [-o] ==> ignore
    arg [cmTC_b8762] ==> ignore
    arg [/usr/lib/gcc/x86_64-linux-gnu/12/../../../x86_64-linux-gnu/Scrt1.o] ==> obj [/usr/lib/gcc/x86_64-linux-gnu/12/../../../x86_64-linux-gnu/Scrt1.o]
    arg [/usr/lib/gcc/x86_64-linux-gnu/12/../../../x86_64-linux-gnu/crti.o] ==> obj [/usr/lib/gcc/x86_64-linux-gnu/12/../../../x86_64-linux-gnu/crti.o]
    arg [/usr/lib/gcc/x86_64-linux-gnu/12/crtbeginS.o] ==> obj [/usr/lib/gcc/x86_64-linux-gnu/12/crtbeginS.o]
    arg [-L/opt/intel/oneapi/tcm/1.2/lib/../lib] ==> dir [/opt/intel/oneapi/tcm/1.2/lib/../lib]
    arg [-L/opt/intel/oneapi/umf/0.9/lib/../lib] ==> dir [/opt/intel/oneapi/umf/0.9/lib/../lib]
    arg [-L/opt/intel/oneapi/tbb/2022.0/env/../lib/intel64/gcc4.8/../lib] ==> dir [/opt/intel/oneapi/tbb/2022.0/env/../lib/intel64/gcc4.8/../lib]
    arg [-L/opt/intel/oneapi/pti/0.10/lib/../lib] ==> dir [/opt/intel/oneapi/pti/0.10/lib/../lib]
    arg [-L/opt/intel/oneapi/mpi/2021.14/lib/../lib] ==> dir [/opt/intel/oneapi/mpi/2021.14/lib/../lib]
    arg [-L/opt/intel/oneapi/mkl/2025.0/lib/../lib] ==> dir [/opt/intel/oneapi/mkl/2025.0/lib/../lib]
    arg [-L/opt/intel/oneapi/ippcp/2025.0/lib/../lib] ==> dir [/opt/intel/oneapi/ippcp/2025.0/lib/../lib]
    arg [-L/opt/intel/oneapi/ipp/2022.0/lib/../lib] ==> dir [/opt/intel/oneapi/ipp/2022.0/lib/../lib]
    arg [-L/opt/intel/oneapi/dnnl/2025.0/lib/../lib] ==> dir [/opt/intel/oneapi/dnnl/2025.0/lib/../lib]
    arg [-L/opt/intel/oneapi/dal/2025.0/lib/../lib] ==> dir [/opt/intel/oneapi/dal/2025.0/lib/../lib]
    arg [-L/opt/intel/oneapi/compiler/2025.0/lib/../lib] ==> dir [/opt/intel/oneapi/compiler/2025.0/lib/../lib]
    arg [-L/opt/intel/oneapi/ccl/2021.14/lib/../lib] ==> dir [/opt/intel/oneapi/ccl/2021.14/lib/../lib]
    arg [-L/usr/lib/gcc/x86_64-linux-gnu/12] ==> dir [/usr/lib/gcc/x86_64-linux-gnu/12]
    arg [-L/usr/lib/gcc/x86_64-linux-gnu/12/../../../x86_64-linux-gnu] ==> dir [/usr/lib/gcc/x86_64-linux-gnu/12/../../../x86_64-linux-gnu]
    arg [-L/usr/lib/gcc/x86_64-linux-gnu/12/../../../../lib] ==> dir [/usr/lib/gcc/x86_64-linux-gnu/12/../../../../lib]
    arg [-L/lib/x86_64-linux-gnu] ==> dir [/lib/x86_64-linux-gnu]
    arg [-L/lib/../lib] ==> dir [/lib/../lib]
    arg [-L/usr/lib/x86_64-linux-gnu] ==> dir [/usr/lib/x86_64-linux-gnu]
    arg [-L/usr/lib/../lib] ==> dir [/usr/lib/../lib]
    arg [-L/opt/intel/oneapi/tcm/1.2/lib] ==> dir [/opt/intel/oneapi/tcm/1.2/lib]
    arg [-L/opt/intel/oneapi/umf/0.9/lib] ==> dir [/opt/intel/oneapi/umf/0.9/lib]
    arg [-L/opt/intel/oneapi/tbb/2022.0/env/../lib/intel64/gcc4.8] ==> dir [/opt/intel/oneapi/tbb/2022.0/env/../lib/intel64/gcc4.8]
    arg [-L/opt/intel/oneapi/pti/0.10/lib] ==> dir [/opt/intel/oneapi/pti/0.10/lib]
    arg [-L/opt/intel/oneapi/mpi/2021.14/lib] ==> dir [/opt/intel/oneapi/mpi/2021.14/lib]
    arg [-L/opt/intel/oneapi/mkl/2025.0/lib] ==> dir [/opt/intel/oneapi/mkl/2025.0/lib]
    arg [-L/opt/intel/oneapi/ippcp/2025.0/lib] ==> dir [/opt/intel/oneapi/ippcp/2025.0/lib]
    arg [-L/opt/intel/oneapi/ipp/2022.0/lib] ==> dir [/opt/intel/oneapi/ipp/2022.0/lib]
    arg [-L/opt/intel/oneapi/dnnl/2025.0/lib] ==> dir [/opt/intel/oneapi/dnnl/2025.0/lib]
    arg [-L/opt/intel/oneapi/dal/2025.0/lib] ==> dir [/opt/intel/oneapi/dal/2025.0/lib]
    arg [-L/opt/intel/oneapi/compiler/2025.0/lib] ==> dir [/opt/intel/oneapi/compiler/2025.0/lib]
    arg [-L/opt/intel/oneapi/ccl/2021.14/lib] ==> dir [/opt/intel/oneapi/ccl/2021.14/lib]
    arg [-L/usr/lib/gcc/x86_64-linux-gnu/12/../../..] ==> dir [/usr/lib/gcc/x86_64-linux-gnu/12/../../..]
    arg [CMakeFiles/cmTC_b8762.dir/CMakeCXXCompilerABI.cpp.o] ==> ignore
    arg [-lstdc++] ==> lib [stdc++]
    arg [-lm] ==> lib [m]
    arg [-lgcc_s] ==> lib [gcc_s]
    arg [-lgcc] ==> lib [gcc]
    arg [-lc] ==> lib [c]
    arg [-lgcc_s] ==> lib [gcc_s]
    arg [-lgcc] ==> lib [gcc]
    arg [/usr/lib/gcc/x86_64-linux-gnu/12/crtendS.o] ==> obj [/usr/lib/gcc/x86_64-linux-gnu/12/crtendS.o]
    arg [/usr/lib/gcc/x86_64-linux-gnu/12/../../../x86_64-linux-gnu/crtn.o] ==> obj [/usr/lib/gcc/x86_64-linux-gnu/12/../../../x86_64-linux-gnu/crtn.o]
  collapse obj [/usr/lib/gcc/x86_64-linux-gnu/12/../../../x86_64-linux-gnu/Scrt1.o] ==> [/usr/lib/x86_64-linux-gnu/Scrt1.o]
  collapse obj [/usr/lib/gcc/x86_64-linux-gnu/12/../../../x86_64-linux-gnu/crti.o] ==> [/usr/lib/x86_64-linux-gnu/crti.o]
  collapse obj [/usr/lib/gcc/x86_64-linux-gnu/12/../../../x86_64-linux-gnu/crtn.o] ==> [/usr/lib/x86_64-linux-gnu/crtn.o]
  collapse library dir [/opt/intel/oneapi/tcm/1.2/lib/../lib] ==> [/opt/intel/oneapi/tcm/1.2/lib]
  collapse library dir [/opt/intel/oneapi/umf/0.9/lib/../lib] ==> [/opt/intel/oneapi/umf/0.9/lib]
  collapse library dir [/opt/intel/oneapi/tbb/2022.0/env/../lib/intel64/gcc4.8/../lib] ==> [/opt/intel/oneapi/tbb/2022.0/lib/intel64/lib]
  collapse library dir [/opt/intel/oneapi/pti/0.10/lib/../lib] ==> [/opt/intel/oneapi/pti/0.10/lib]
  collapse library dir [/opt/intel/oneapi/mpi/2021.14/lib/../lib] ==> [/opt/intel/oneapi/mpi/2021.14/lib]
  collapse library dir [/opt/intel/oneapi/mkl/2025.0/lib/../lib] ==> [/opt/intel/oneapi/mkl/2025.0/lib]
  collapse library dir [/opt/intel/oneapi/ippcp/2025.0/lib/../lib] ==> [/opt/intel/oneapi/ippcp/2025.0/lib]
  collapse library dir [/opt/intel/oneapi/ipp/2022.0/lib/../lib] ==> [/opt/intel/oneapi/ipp/2022.0/lib]
  collapse library dir [/opt/intel/oneapi/dnnl/2025.0/lib/../lib] ==> [/opt/intel/oneapi/dnnl/2025.0/lib]
  collapse library dir [/opt/intel/oneapi/dal/2025.0/lib/../lib] ==> [/opt/intel/oneapi/dal/2025.0/lib]
  collapse library dir [/opt/intel/oneapi/compiler/2025.0/lib/../lib] ==> [/opt/intel/oneapi/compiler/2025.0/lib]
  collapse library dir [/opt/intel/oneapi/ccl/2021.14/lib/../lib] ==> [/opt/intel/oneapi/ccl/2021.14/lib]
  collapse library dir [/usr/lib/gcc/x86_64-linux-gnu/12] ==> [/usr/lib/gcc/x86_64-linux-gnu/12]
  collapse library dir [/usr/lib/gcc/x86_64-linux-gnu/12/../../../x86_64-linux-gnu] ==> [/usr/lib/x86_64-linux-gnu]
  collapse library dir [/usr/lib/gcc/x86_64-linux-gnu/12/../../../../lib] ==> [/usr/lib]
  collapse library dir [/lib/x86_64-linux-gnu] ==> [/lib/x86_64-linux-gnu]
  collapse library dir [/lib/../lib] ==> [/lib]
  collapse library dir [/usr/lib/x86_64-linux-gnu] ==> [/usr/lib/x86_64-linux-gnu]
  collapse library dir [/usr/lib/../lib] ==> [/usr/lib]
  collapse library dir [/opt/intel/oneapi/tcm/1.2/lib] ==> [/opt/intel/oneapi/tcm/1.2/lib]
  collapse library dir [/opt/intel/oneapi/umf/0.9/lib] ==> [/opt/intel/oneapi/umf/0.9/lib]
  collapse library dir [/opt/intel/oneapi/tbb/2022.0/env/../lib/intel64/gcc4.8] ==> [/opt/intel/oneapi/tbb/2022.0/lib/intel64/gcc4.8]
  collapse library dir [/opt/intel/oneapi/pti/0.10/lib] ==> [/opt/intel/oneapi/pti/0.10/lib]
  collapse library dir [/opt/intel/oneapi/mpi/2021.14/lib] ==> [/opt/intel/oneapi/mpi/2021.14/lib]
  collapse library dir [/opt/intel/oneapi/mkl/2025.0/lib] ==> [/opt/intel/oneapi/mkl/2025.0/lib]
  collapse library dir [/opt/intel/oneapi/ippcp/2025.0/lib] ==> [/opt/intel/oneapi/ippcp/2025.0/lib]
  collapse library dir [/opt/intel/oneapi/ipp/2022.0/lib] ==> [/opt/intel/oneapi/ipp/2022.0/lib]
  collapse library dir [/opt/intel/oneapi/dnnl/2025.0/lib] ==> [/opt/intel/oneapi/dnnl/2025.0/lib]
  collapse library dir [/opt/intel/oneapi/dal/2025.0/lib] ==> [/opt/intel/oneapi/dal/2025.0/lib]
  collapse library dir [/opt/intel/oneapi/compiler/2025.0/lib] ==> [/opt/intel/oneapi/compiler/2025.0/lib]
  collapse library dir [/opt/intel/oneapi/ccl/2021.14/lib] ==> [/opt/intel/oneapi/ccl/2021.14/lib]
  collapse library dir [/usr/lib/gcc/x86_64-linux-gnu/12/../../..] ==> [/usr/lib]
  implicit libs: [stdc++;m;gcc_s;gcc;c;gcc_s;gcc]
  implicit objs: [/usr/lib/x86_64-linux-gnu/Scrt1.o;/usr/lib/x86_64-linux-gnu/crti.o;/usr/lib/gcc/x86_64-linux-gnu/12/crtbeginS.o;/usr/lib/gcc/x86_64-linux-gnu/12/crtendS.o;/usr/lib/x86_64-linux-gnu/crtn.o]
  implicit dirs: [/opt/intel/oneapi/tcm/1.2/lib;/opt/intel/oneapi/umf/0.9/lib;/opt/intel/oneapi/tbb/2022.0/lib/intel64/lib;/opt/intel/oneapi/pti/0.10/lib;/opt/intel/oneapi/mpi/2021.14/lib;/opt/intel/oneapi/mkl/2025.0/lib;/opt/intel/oneapi/ippcp/2025.0/lib;/opt/intel/oneapi/ipp/2022.0/lib;/opt/intel/oneapi/dnnl/2025.0/lib;/opt/intel/oneapi/dal/2025.0/lib;/opt/intel/oneapi/compiler/2025.0/lib;/opt/intel/oneapi/ccl/2021.14/lib;/usr/lib/gcc/x86_64-linux-gnu/12;/usr/lib/x86_64-linux-gnu;/usr/lib;/lib/x86_64-linux-gnu;/lib;/opt/intel/oneapi/tbb/2022.0/lib/intel64/gcc4.8]
  implicit fwks: []


The system is: Linux - 5.15.167.4-microsoft-standard-WSL2 - x86_64
Compiling the CXX compiler identification source file "CMakeCXXCompilerId.cpp" succeeded.
Compiler: /usr/bin/c++ 
Build flags: 
Id flags:  

The output was:
0


Compilation of the CXX compiler identification source "CMakeCXXCompilerId.cpp" produced "a.out"

The CXX compiler identification is GNU, found in "/home/kluo/repo/OptimLight/build/CMakeFiles/3.25.1/CompilerIdCXX/a.out"

Detecting CXX compiler ABI info compiled with the following output:
Change Dir: /home/kluo/repo/OptimLight/build/CMakeFiles/CMakeScratch/TryCompile-mNV0PI

Run Build Command(s):/usr/bin/gmake -f Makefile cmTC_f192f/fast && /usr/bin/gmake  -f CMakeFiles/cmTC_f192f.dir/build.make CMakeFiles/cmTC_f192f.dir/build
gmake[1]: Entering directory '/home/kluo/repo/OptimLight/build/CMakeFiles/CMakeScratch/TryCompile-mNV0PI'
Building CXX object CMakeFiles/cmTC_f192f.dir/CMakeCXXCompilerABI.cpp.o
/usr/bin/c++   -v -o CMakeFiles/cmTC_f192f.dir/CMakeCXXCompilerABI.cpp.o -c /usr/share/cmake-3.25/Modules/CMakeCXXCompilerABI.cpp
Using built-in specs.
COLLECT_GCC=/usr/bin/c++
OFFLOAD_TARGET_NAMES=nvptx-none:amdgcn-amdhsa
OFFLOAD_TARGET_DEFAULT=1
Target: x86_64-linux-gnu
Configured with: ../src/configure -v --with-pkgversion='Debian 12.2.0-14' --with-bugurl=file:///usr/share/doc/gcc-12/README.Bugs --enable-languages=c,ada,c++,go,d,fortran,objc,obj-c++,m2 --prefix=/usr --with-gcc-major-version-only --program-suffix=-12 --program-prefix=x86_64-linux-gnu- --enable-shared --enable-linker-build-id --libexecdir=/usr/lib --without-included-gettext --enable-threads=posix --libdir=/usr/lib --enable-nls --enable-clocale=gnu --enable-libstdcxx-debug --enable-libstdcxx-time=yes --with-default-libstdcxx-abi=new --enable-gnu-unique-object --disable-vtable-verify --enable-plugin --enable-default-pie --with-system-zlib --enable-libphobos-checking=release --with-target-system-zlib=auto --enable-objc-gc=auto --enable-multiarch --disable-werror --enable-cet --with-arch-32=i686 --with-abi=m64 --with-multilib-list=m32,m64,mx32 --enable-multilib --with-tune=generic --enable-offload-targets=nvptx-none=/build/gcc-12-bTRWOB/gcc-12-12.2.0/debian/tmp-nvptx/usr,amdgcn-amdhsa=/build/gcc-12-bTRWOB/gcc-12-12.2.0/debian/tmp-gcn/usr --enable-offload-defaulted --without-cuda-driver --enable-checking=release --build=x86_64-linux-gnu --host=x86_64-linux-gnu --target=x86_64-linux-gnu
Thread model: posix
Supported LTO compression algorithms: zlib zstd
gcc version 12.2.0 (Debian 12.2.0-14) 
COLLECT_GCC_OPTIONS='-v' '-o' 'CMakeFiles/cmTC_f192f.dir/CMakeCXXCompilerABI.cpp.o' '-c' '-shared-libgcc' '-mtune=generic' '-march=x86-64' '-dumpdir' 'CMakeFiles/cmTC_f192f.dir/'
 /usr/lib/gcc/x86_64-linux-gnu/12/cc1plus -quiet -v -imultiarch x86_64-linux-gnu -D_GNU_SOURCE /usr/share/cmake-3.25/Modules/CMakeCXXCompilerABI.cpp -quiet -dumpdir CMakeFiles/cmTC_f192f.dir/ -dumpbase CMakeCXXCompilerABI.cpp.cpp -dumpbase-ext .cpp -mtune=generic -march=x86-64 -version -fasynchronous-unwind-tables -o /tmp/cczR57Rz.s
GNU C++17 (Debian 12.2.0-14) version 12.2.0 (x86_64-linux-gnu)
	compiled by GNU C version 12.2.0, GMP version 6.2.1, MPFR version 4.1.1-p1, MPC version 1.3.1, isl version isl-0.25-GMP

warning: MPFR header version 4.1.1-p1 differs from library version 4.2.0.
GGC heuristics: --param ggc-min-expand=100 --param ggc-min-heapsize=131072
ignoring duplicate directory "/usr/include/x86_64-linux-gnu/c++/12"
ignoring nonexistent directory "/usr/local/include/x86_64-linux-gnu"
ignoring nonexistent directory "/usr/lib/gcc/x86_64-linux-gnu/12/include-fixed"
ignoring nonexistent directory "/usr/lib/gcc/x86_64-linux-gnu/12/../../../../x86_64-linux-gnu/include"
#include "..." search starts here:
#include <...> search starts here:
 /opt/intel/oneapi/umf/0.9/include
 /opt/intel/oneapi/tbb/2022.0/env/../include
 /opt/intel/oneapi/pti/0.10/include
 /opt/intel/oneapi/mpi/2021.14/include
 /opt/intel/oneapi/mkl/2025.0/include
 /opt/intel/oneapi/ippcp/2025.0/include
 /opt/intel/oneapi/ipp/2022.0/include
 /opt/intel/oneapi/dpl/2022.7/include
 /opt/intel/oneapi/dpcpp-ct/2025.0/include
 /opt/intel/oneapi/dnnl/2025.0/include
 /opt/intel/oneapi/dev-utilities/2025.0/include
 /opt/intel/oneapi/dal/2025.0/include
 /opt/intel/oneapi/ccl/2021.14/include
 /usr/include/c++/12
 /usr/include/x86_64-linux-gnu/c++/12
 /usr/include/c++/12/backward
 /usr/lib/gcc/x86_64-linux-gnu/12/include
 /usr/local/include
 /usr/include/x86_64-linux-gnu
 /usr/include
End of search list.
GNU C++17 (Debian 12.2.0-14) version 12.2.0 (x86_64-linux-gnu)
	compiled by GNU C version 12.2.0, GMP version 6.2.1, MPFR version 4.1.1-p1, MPC version 1.3.1, isl version isl-0.25-GMP

warning: MPFR header version 4.1.1-p1 differs from library version 4.2.0.
GGC heuristics: --param ggc-min-expand=100 --param ggc-min-heapsize=131072
Compiler executable checksum: 62b090dbbefa50644117a3c13d47369a
COLLECT_GCC_OPTIONS='-v' '-o' 'CMakeFiles/cmTC_f192f.dir/CMakeCXXCompilerABI.cpp.o' '-c' '-shared-libgcc' '-mtune=generic' '-march=x86-64' '-dumpdir' 'CMakeFiles/cmTC_f192f.dir/'
 as -v --64 -o CMakeFiles/cmTC_f192f.dir/CMakeCXXCompilerABI.cpp.o /tmp/cczR57Rz.s
GNU assembler version 2.40 (x86_64-linux-gnu) using BFD version (GNU Binutils for Debian) 2.40
COMPILER_PATH=/usr/lib/gcc/x86_64-linux-gnu/12/:/usr/lib/gcc/x86_64-linux-gnu/12/:/usr/lib/gcc/x86_64-linux-gnu/:/usr/lib/gcc/x86_64-linux-gnu/12/:/usr/lib/gcc/x86_64-linux-gnu/
LIBRARY_PATH=/opt/intel/oneapi/tcm/1.2/lib/../lib/:/opt/intel/oneapi/umf/0.9/lib/../lib/:/opt/intel/oneapi/tbb/2022.0/env/../lib/intel64/gcc4.8/../lib/:/opt/intel/oneapi/pti/0.10/lib/../lib/:/opt/intel/oneapi/mpi/2021.14/lib/../lib/:/opt/intel/oneapi/mkl/2025.0/lib/../lib/:/opt/intel/oneapi/ippcp/2025.0/lib/../lib/:/opt/intel/oneapi/ipp/2022.0/lib/../lib/:/opt/intel/oneapi/dnnl/2025.0/lib/../lib/:/opt/intel/oneapi/dal/2025.0/lib/../lib/:/opt/intel/oneapi/compiler/2025.0/lib/../lib/:/opt/intel/oneapi/ccl/2021.14/lib/../lib/:/usr/lib/gcc/x86_64-linux-gnu/12/:/usr/lib/gcc/x86_64-linux-gnu/12/../../../x86_64-linux-gnu/:/usr/lib/gcc/x86_64-linux-gnu/12/../../../../lib/:/lib/x86_64-linux-gnu/:/lib/../lib/:/usr/lib/x86_64-linux-gnu/:/usr/lib/../lib/:/opt/intel/oneapi/tcm/1.2/lib/:/opt/intel/oneapi/umf/0.9/lib/:/opt/intel/oneapi/tbb/2022.0/env/../lib/intel64/gcc4.8/:/opt/intel/oneapi/pti/0.10/lib/:/opt/intel/oneapi/mpi/2021.14/lib/:/opt/intel/oneapi/mkl/2025.0/lib/:/opt/intel/oneapi/ippcp/2025.0/lib/:/opt/intel/oneapi/ipp/2022.0/lib/:/opt/intel/oneapi/dnnl/2025.0/lib/:/opt/intel/oneapi/dal/2025.0/lib/:/opt/intel/oneapi/compiler/2025.0/lib/:/opt/intel/oneapi/ccl/2021.14/lib/:/usr/lib/gcc/x86_64-linux-gnu/12/../../../:/lib/:/usr/lib/
COLLECT_GCC_OPTIONS='-v' '-o' 'CMakeFiles/cmTC_f192f.dir/CMakeCXXCompilerABI.cpp.o' '-c' '-shared-libgcc' '-mtune=generic' '-march=x86-64' '-dumpdir' 'CMakeFiles/cmTC_f192f.dir/CMakeCXXCompilerABI.cpp.'
Linking CXX executable cmTC_f192f
/usr/bin/cmake -E cmake_link_script CMakeFiles/cmTC_f192f.dir/link.txt --verbose=1
/usr/bin/c++  -v CMakeFiles/cmTC_f192f.dir/CMakeCXXCompilerABI.cpp.o -o cmTC_f192f 
Using built-in specs.
COLLECT_GCC=/usr/bin/c++
COLLECT_LTO_WRAPPER=/usr/lib/gcc/x86_64-linux-gnu/12/lto-wrapper
OFFLOAD_TARGET_NAMES=nvptx-none:amdgcn-amdhsa
OFFLOAD_TARGET_DEFAULT=1
Target: x86_64-linux-gnu
Configured with: ../src/configure -v --with-pkgversion='Debian 12.2.0-14' --with-bugurl=file:///usr/share/doc/gcc-12/README.Bugs --enable-languages=c,ada,c++,go,d,fortran,objc,obj-c++,m2 --prefix=/usr --with-gcc-major-version-only --program-suffix=-12 --program-prefix=x86_64-linux-gnu- --enable-shared --enable-linker-build-id --libexecdir=/usr/lib --without-included-gettext --enable-threads=posix --libdir=/usr/lib --enable-nls --enable-clocale=gnu --enable-libstdcxx-debug --enable-libstdcxx-time=yes --with-default-libstdcxx-abi=new --enable-gnu-unique-object --disable-vtable-verify --enable-plugin --enable-default-pie --with-system-zlib --enable-libphobos-checking=release --with-target-system-zlib=auto --enable-objc-gc=auto --enable-multiarch --disable-werror --enable-cet --with-arch-32=i686 --with-abi=m64 --with-multilib-list=m32,m64,mx32 --enable-multilib --with-tune=generic --enable-offload-targets=nvptx-none=/build/gcc-12-bTRWOB/gcc-12-12.2.0/debian/tmp-nvptx/usr,amdgcn-amdhsa=/build/gcc-12-bTRWOB/gcc-12-12.2.0/debian/tmp-gcn/usr --enable-offload-defaulted --without-cuda-driver --enable-checking=release --build=x86_64-linux-gnu --host=x86_64-linux-gnu --target=x86_64-linux-gnu
Thread model: posix
Supported LTO compression algorithms: zlib zstd
gcc version 12.2.0 (Debian 12.2.0-14) 
COMPILER_PATH=/usr/lib/gcc/x86_64-linux-gnu/12/:/usr/lib/gcc/x86_64-linux-gnu/12/:/usr/lib/gcc/x86_64-linux-gnu/:/usr/lib/gcc/x86_64-linux-gnu/12/:/usr/lib/gcc/x86_64-linux-gnu/
LIBRARY_PATH=/opt/intel/oneapi/tcm/1.2/lib/../lib/:/opt/intel/oneapi/umf/0.9/lib/../lib/:/opt/intel/oneapi/tbb/2022.0/env/../lib/intel64/gcc4.8/../lib/:/opt/intel/oneapi/pti/0.10/lib/../lib/:/opt/intel/oneapi/mpi/2021.14/lib/../lib/:/opt/intel/oneapi/mkl/2025.0/lib/../lib/:/opt/intel/oneapi/ippcp/2025.0/lib/../lib/:/opt/intel/oneapi/ipp/2022.0/lib/../lib/:/opt/intel/oneapi/dnnl/2025.0/lib/../lib/:/opt/intel/oneapi/dal/2025.0/lib/../lib/:/opt/intel/oneapi/compiler/2025.0/lib/../lib/:/opt/intel/oneapi/ccl/2021.14/lib/../lib/:/usr/lib/gcc/x86_64-linux-gnu/12/:/usr/lib/gcc/x86_64-linux-gnu/12/../../../x86_64-linux-gnu/:/usr/lib/gcc/x86_64-linux-gnu/12/../../../../lib/:/lib/x86_64-linux-gnu/:/lib/../lib/:/usr/lib/x86_64-linux-gnu/:/usr/lib/../lib/:/opt/intel/oneapi/tcm/1.2/lib/:/opt/intel/oneapi/umf/0.9/lib/:/opt/intel/oneapi/tbb/2022.0/env/../lib/intel64/gcc4.8/:/opt/intel/oneapi/pti/0.10/lib/:/opt/intel/oneapi/mpi/2021.14/lib/:/opt/intel/oneapi/mkl/2025.0/lib/:/opt/intel/oneapi/ippcp/2025.0/lib/:/opt/intel/oneapi/ipp/2022.0/lib/:/opt/intel/oneapi/dnnl/2025.0/lib/:/opt/intel/oneapi/dal/2025.0/lib/:/opt/intel/oneapi/compiler/2025.0/lib/:/opt/intel/oneapi/ccl/2021.14/lib/:/usr/lib/gcc/x86_64-linux-gnu/12/../../../:/lib/:/usr/lib/
COLLECT_GCC_OPTIONS='-v' '-o' 'cmTC_f192f' '-shared-libgcc' '-mtune=generic' '-march=x86-64' '-dumpdir' 'cmTC_f192f.'
 /usr/lib/gcc/x86_64-linux-gnu/12/collect2 -plugin /usr/lib/gcc/x86_64-linux-gnu/12/liblto_plugin.so -plugin-opt=/usr/lib/gcc/x86_64-linux-gnu/12/lto-wrapper -plugin-opt=-fresolution=/tmp/cc8VGrxj.res -plugin-opt=-pass-through=-lgcc_s -plugin-opt=-pass-through=-lgcc -plugin-opt=-pass-through=-lc -plugin-opt=-pass-through=-lgcc_s -plugin-opt=-pass-through=-lgcc --build-id --eh-frame-hdr -m elf_x86_64 --hash-style=gnu --as-needed -dynamic-linker /lib64/ld-linux-x86-64.so.2 -pie -o cmTC_f192f /usr/lib/gcc/x86_64-linux-gnu/12/../../../x86_64-linux-gnu/Scrt1.o /usr/lib/gcc/x86_64-linux-gnu/12/../../../x86_64-linux-gnu/crti.o /usr/lib/gcc/x86_64-linux-gnu/12/crtbeginS.o -L/opt/intel/oneapi/tcm/1.2/lib/../lib -L/opt/intel/oneapi/umf/0.9/lib/../lib -L/opt/intel/oneapi/tbb/2022.0/env/../lib/intel64/gcc4.8/../lib -L/opt/intel/oneapi/pti/0.10/lib/../lib -L/opt/intel/oneapi/mpi/2021.14/lib/../lib -L/opt/intel/oneapi/mkl/2025.0/lib/../lib -L/opt/intel/oneapi/ippcp/2025.0/lib/../lib -L/opt/intel/oneapi/ipp/2022.0/lib/../lib -L/opt/intel/oneapi/dnnl/2025.0/lib/../lib -L/opt/intel/oneapi/dal/2025.0/lib/../lib -L/opt/intel/oneapi/compiler/2025.0/lib/../lib -L/opt/intel/oneapi/ccl/2021.14/lib/../lib -L/usr/lib/gcc/x86_64-linux-gnu/12 -L/usr/lib/gcc/x86_64-linux-gnu/12/../../../x86_64-linux-gnu -L/usr/lib/gcc/x86_64-linux-gnu/12/../../../../lib -L/lib/x86_64-linux-gnu -L/lib/../lib -L/usr/lib/x86_64-linux-gnu -L/usr/lib/../lib -L/opt/intel/oneapi/tcm/1.2/lib -L/opt/intel/oneapi/umf/0.9/lib -L/opt/intel/oneapi/tbb/2022.0/env/../lib/intel64/gcc4.8 -L/opt/intel/oneapi/pti/0.10/lib -L/opt/intel/oneapi/mpi/2021.14/lib -L/opt/intel/oneapi/mkl/2025.0/lib -L/opt/intel/oneapi/ippcp/2025.0/lib -L/opt/intel/oneapi/ipp/2022.0/lib -L/opt/intel/oneapi/dnnl/2025.0/lib -L/opt/intel/oneapi/dal/2025.0/lib -L/opt/intel/oneapi/compiler/2025.0/lib -L/opt/intel/oneapi/ccl/2021.14/lib -L/usr/lib/gcc/x86_64-linux-gnu/12/../../.. CMakeFiles/cmTC_f192f.dir/CMakeCXXCompilerABI.cpp.o -lstdc++ -lm -lgcc_s -lgcc -lc -lgcc_s -lgcc /usr/lib/gcc/x86_64-linux-gnu/12/crtendS.o /usr/lib/gcc/x86_64-linux-gnu/12/../../../x86_64-linux-gnu/crtn.o
COLLECT_GCC_OPTIONS='-v' '-o' 'cmTC_f192f' '-shared-libgcc' '-mtune=generic' '-march=x86-64' '-dumpdir' 'cmTC_f192f.'
gmake[1]: Leaving directory '/home/kluo/repo/OptimLight/build/CMakeFiles/CMakeScratch/TryCompile-mNV0PI'



Parsed CXX implicit include dir info from above output: rv=done
  found start of include info
  found start of implicit include info
    add: [/opt/intel/oneapi/umf/0.9/include]
    add: [/opt/intel/oneapi/tbb/2022.0/env/../include]
    add: [/opt/intel/oneapi/pti/0.10/include]
    add: [/opt/intel/oneapi/mpi/2021.14/include]
    add: [/opt/intel/oneapi/mkl/2025.0/include]
    add: [/opt/intel/oneapi/ippcp/2025.0/include]
    add: [/opt/intel/oneapi/ipp/2022.0/include]
    add: [/opt/intel/oneapi/dpl/2022.7/include]
    add: [/opt/intel/oneapi/dpcpp-ct/2025.0/include]
    add: [/opt/intel/oneapi/dnnl/2025.0/include]
    add: [/opt/intel/oneapi/dev-utilities/2025.0/include]
    add: [/opt/intel/oneapi/dal/2025.0/include]
    add: [/opt/intel/oneapi/ccl/2021.14/include]
    add: [/usr/include/c++/12]
    add: [/usr/include/x86_64-linux-gnu/c++/12]
    add: [/usr/include/c++/12/backward]
    add: [/usr/lib/gcc/x86_64-linux-gnu/12/include]
    add: [/usr/local/include]
    add: [/usr/include/x86_64-linux-gnu]
    add: [/usr/include]
  end of search list found
  collapse include dir [/opt/intel/oneapi/umf/0.9/include] ==> [/opt/intel/oneapi/umf/0.9/include]
  collapse include dir [/opt/intel/oneapi/tbb/2022.0/env/../include] ==> [/opt/intel/oneapi/tbb/2022.0/include]
  collapse include dir [/opt/intel/oneapi/pti/0.10/include] ==> [/opt/intel/oneapi/pti/0.10/include]
  collapse include dir [/opt/intel/oneapi/mpi/2021.14/include] ==> [/opt/intel/oneapi/mpi/2021.14/include]
  collapse include dir [/opt/intel/oneapi/mkl/2025.0/include] ==> [/opt/intel/oneapi/mkl/2025.0/include]
  collapse include dir [/opt/intel/oneapi/ippcp/2025.0/include] ==> [/opt/intel/oneapi/ippcp/2025.0/include]
  collapse include dir [/opt/intel/oneapi/ipp/2022.0/include] ==> [/opt/intel/oneapi/ipp/2022.0/include]
  collapse include dir [/opt/intel/oneapi/dpl/2022.7/include] ==> [/opt/intel/oneapi/dpl/2022.7/include]
  collapse include dir [/opt/intel/oneapi/dpcpp-ct/2025.0/include] ==> [/opt/intel/oneapi/dpcpp-ct/2025.0/include]
  collapse include dir [/opt/intel/oneapi/dnnl/2025.0/include] ==> [/opt/intel/oneapi/dnnl/2025.0/include]
  collapse include dir [/opt/intel/oneapi/dev-utilities/2025.0/include] ==> [/opt/intel/oneapi/dev-utilities/2025.0/include]
  collapse include dir [/opt/intel/oneapi/dal/2025.0/include] ==> [/opt/intel/oneapi/dal/2025.0/include]
  collapse include dir [/opt/intel/oneapi/ccl/2021.14/include] ==> [/opt/intel/oneapi/ccl/2021.14/include]
  collapse include dir [/usr/include/c++/12] ==> [/usr/include/c++/12]
  collapse include dir [/usr/include/x86_64-linux-gnu/c++/12] ==> [/usr/include/x86_64-linux-gnu/c++/12]
  collapse include dir [/usr/include/c++/12/backward] ==> [/usr/include/c++/12/backward]
  collapse include dir [/usr/lib/gcc/x86_64-linux-gnu/12/include] ==> [/usr/lib/gcc/x86_64-linux-gnu/12/include]
  collapse include dir [/usr/local/include] ==> [/usr/local/include]
  collapse include dir [/usr/include/x86_64-linux-gnu] ==> [/usr/include/x86_64-linux-gnu]
  collapse include dir [/usr/include] ==> [/usr/include]
  implicit include dirs: [/opt/intel/oneapi/umf/0.9/include;/opt/intel/oneapi/tbb/2022.0/include;/opt/intel/oneapi/pti/0.10/include;/opt/intel/oneapi/mpi/2021.14/include;/opt/intel/oneapi/mkl/2025.0/include;/opt/intel/oneapi/ippcp/2025.0/include;/opt/intel/oneapi/ipp/2022.0/include;/opt/intel/oneapi/dpl/2022.7/include;/opt/intel/oneapi/dpcpp-ct/2025.0/include;/opt/intel/oneapi/dnnl/2025.0/include;/opt/intel/oneapi/dev-utilities/2025.0/include;/opt/intel/oneapi/dal/2025.0/include;/opt/intel/oneapi/ccl/2021.14/include;/usr/include/c++/12;/usr/include/x86_64-linux-gnu/c++/12;/usr/include/c++/12/backward;/usr/lib/gcc/x86_64-linux-gnu/12/include;/usr/local/include;/usr/include/x86_64-linux-gnu;/usr/include]


Parsed CXX implicit link information from above output:
  link line regex: [^( *|.*[/\])(ld|CMAKE_LINK_STARTFILE-NOTFOUND|([^/\]+-)?ld|collect2)[^/\]*( |$)]
  ignore line: [Change Dir: /home/kluo/repo/OptimLight/build/CMakeFiles/CMakeScratch/TryCompile-mNV0PI]
  ignore line: []
  ignore line: [Run Build Command(s):/usr/bin/gmake -f Makefile cmTC_f192f/fast && /usr/bin/gmake  -f CMakeFiles/cmTC_f192f.dir/build.make CMakeFiles/cmTC_f192f.dir/build]
  ignore line: [gmake[1]: Entering directory '/home/kluo/repo/OptimLight/build/CMakeFiles/CMakeScratch/TryCompile-mNV0PI']
  ignore line: [Building CXX object CMakeFiles/cmTC_f192f.dir/CMakeCXXCompilerABI.cpp.o]
  ignore line: [/usr/bin/c++   -v -o CMakeFiles/cmTC_f192f.dir/CMakeCXXCompilerABI.cpp.o -c /usr/share/cmake-3.25/Modules/CMakeCXXCompilerABI.cpp]
  ignore line: [Using built-in specs.]
  ignore line: [COLLECT_GCC=/usr/bin/c++]
  ignore line: [OFFLOAD_TARGET_NAMES=nvptx-none:amdgcn-amdhsa]
  ignore line: [OFFLOAD_TARGET_DEFAULT=1]
  ignore line: [Target: x86_64-linux-gnu]
  ignore line: [Configured with: ../src/configure -v --with-pkgversion='Debian 12.2.0-14' --with-bugurl=file:///usr/share/doc/gcc-12/README.Bugs --enable-languages=c ada c++ go d fortran objc obj-c++ m2 --prefix=/usr --with-gcc-major-version-only --program-suffix=-12 --program-prefix=x86_64-linux-gnu- --enable-shared --enable-linker-build-id --libexecdir=/usr/lib --without-included-gettext --enable-threads=posix --libdir=/usr/lib --enable-nls --enable-clocale=gnu --enable-libstdcxx-debug --enable-libstdcxx-time=yes --with-default-libstdcxx-abi=new --enable-gnu-unique-object --disable-vtable-verify --enable-plugin --enable-default-pie --with-system-zlib --enable-libphobos-checking=release --with-target-system-zlib=auto --enable-objc-gc=auto --enable-multiarch --disable-werror --enable-cet --with-arch-32=i686 --with-abi=m64 --with-multilib-list=m32 m64 mx32 --enable-multilib --with-tune=generic --enable-offload-targets=nvptx-none=/build/gcc-12-bTRWOB/gcc-12-12.2.0/debian/tmp-nvptx/usr amdgcn-amdhsa=/build/gcc-12-bTRWOB/gcc-12-12.2.0/debian/tmp-gcn/usr --enable-offload-defaulted --without-cuda-driver --enable-checking=release --build=x86_64-linux-gnu --host=x86_64-linux-gnu --target=x86_64-linux-gnu]
  ignore line: [Thread model: posix]
  ignore line: [Supported LTO compression algorithms: zlib zstd]
  ignore line: [gcc version 12.2.0 (Debian 12.2.0-14) ]
  ignore line: [COLLECT_GCC_OPTIONS='-v' '-o' 'CMakeFiles/cmTC_f192f.dir/CMakeCXXCompilerABI.cpp.o' '-c' '-shared-libgcc' '-mtune=generic' '-march=x86-64' '-dumpdir' 'CMakeFiles/cmTC_f192f.dir/']
  ignore line: [ /usr/lib/gcc/x86_64-linux-gnu/12/cc1plus -quiet -v -imultiarch x86_64-linux-gnu -D_GNU_SOURCE /usr/share/cmake-3.25/Modules/CMakeCXXCompilerABI.cpp -quiet -dumpdir CMakeFiles/cmTC_f192f.dir/ -dumpbase CMakeCXXCompilerABI.cpp.cpp -dumpbase-ext .cpp -mtune=generic -march=x86-64 -version -fasynchronous-unwind-tables -o /tmp/cczR57Rz.s]
  ignore line: [GNU C++17 (Debian 12.2.0-14) version 12.2.0 (x86_64-linux-gnu)]
  ignore line: [	compiled by GNU C version 12.2.0  GMP version 6.2.1  MPFR version 4.1.1-p1  MPC version 1.3.1  isl version isl-0.25-GMP]
  ignore line: []
  ignore line: [warning: MPFR header version 4.1.1-p1 differs from library version 4.2.0.]
  ignore line: [GGC heuristics: --param ggc-min-expand=100 --param ggc-min-heapsize=131072]
  ignore line: [ignoring duplicate directory "/usr/include/x86_64-linux-gnu/c++/12"]
  ignore line: [ignoring nonexistent directory "/usr/local/include/x86_64-linux-gnu"]
  ignore line: [ignoring nonexistent directory "/usr/lib/gcc/x86_64-linux-gnu/12/include-fixed"]
  ignore line: [ignoring nonexistent directory "/usr/lib/gcc/x86_64-linux-gnu/12/../../../../x86_64-linux-gnu/include"]
  ignore line: [#include "..." search starts here:]
  ignore line: [#include <...> search starts here:]
  ignore line: [ /opt/intel/oneapi/umf/0.9/include]
  ignore line: [ /opt/intel/oneapi/tbb/2022.0/env/../include]
  ignore line: [ /opt/intel/oneapi/pti/0.10/include]
  ignore line: [ /opt/intel/oneapi/mpi/2021.14/include]
  ignore line: [ /opt/intel/oneapi/mkl/2025.0/include]
  ignore line: [ /opt/intel/oneapi/ippcp/2025.0/include]
  ignore line: [ /opt/intel/oneapi/ipp/2022.0/include]
  ignore line: [ /opt/intel/oneapi/dpl/2022.7/include]
  ignore line: [ /opt/intel/oneapi/dpcpp-ct/2025.0/include]
  ignore line: [ /opt/intel/oneapi/dnnl/2025.0/include]
  ignore line: [ /opt/intel/oneapi/dev-utilities/2025.0/include]
  ignore line: [ /opt/intel/oneapi/dal/2025.0/include]
  ignore line: [ /opt/intel/oneapi/ccl/2021.14/include]
  ignore line: [ /usr/include/c++/12]
  ignore line: [ /usr/include/x86_64-linux-gnu/c++/12]
  ignore line: [ /usr/include/c++/12/backward]
  ignore line: [ /usr/lib/gcc/x86_64-linux-gnu/12/include]
  ignore line: [ /usr/local/include]
  ignore line: [ /usr/include/x86_64-linux-gnu]
  ignore line: [ /usr/include]
  ignore line: [End of search list.]
  ignore line: [GNU C++17 (Debian 12.2.0-14) version 12.2.0 (x86_64-linux-gnu)]
  ignore line: [	compiled by GNU C version 12.2.0  GMP version 6.2.1  MPFR version 4.1.1-p1  MPC version 1.3.1  isl version isl-0.25-GMP]
  ignore line: []
  ignore line: [warning: MPFR header version 4.1.1-p1 differs from library version 4.2.0.]
  ignore line: [GGC heuristics: --param ggc-min-expand=100 --param ggc-min-heapsize=131072]
  ignore line: [Compiler executable checksum: 62b090dbbefa50644117a3c13d47369a]
  ignore line: [COLLECT_GCC_OPTIONS='-v' '-o' 'CMakeFiles/cmTC_f192f.dir/CMakeCXXCompilerABI.cpp.o' '-c' '-shared-libgcc' '-mtune=generic' '-march=x86-64' '-dumpdir' 'CMakeFiles/cmTC_f192f.dir/']
  ignore line: [ as -v --64 -o CMakeFiles/cmTC_f192f.dir/CMakeCXXCompilerABI.cpp.o /tmp/cczR57Rz.s]
  ignore line: [GNU assembler version 2.40 (x86_64-linux-gnu) using BFD version (GNU Binutils for Debian) 2.40]
  ignore line: [COMPILER_PATH=/usr/lib/gcc/x86_64-linux-gnu/12/:/usr/lib/gcc/x86_64-linux-gnu/12/:/usr/lib/gcc/x86_64-linux-gnu/:/usr/lib/gcc/x86_64-linux-gnu/12/:/usr/lib/gcc/x86_64-linux-gnu/]
  ignore line: [LIBRARY_PATH=/opt/intel/oneapi/tcm/1.2/lib/../lib/:/opt/intel/oneapi/umf/0.9/lib/../lib/:/opt/intel/oneapi/tbb/2022.0/env/../lib/intel64/gcc4.8/../lib/:/opt/intel/oneapi/pti/0.10/lib/../lib/:/opt/intel/oneapi/mpi/2021.14/lib/../lib/:/opt/intel/oneapi/mkl/2025.0/lib/../lib/:/opt/intel/oneapi/ippcp/2025.0/lib/../lib/:/opt/intel/oneapi/ipp/2022.0/lib/../lib/:/opt/intel/oneapi/dnnl/2025.0/lib/../lib/:/opt/intel/oneapi/dal/2025.0/lib/../lib/:/opt/intel/oneapi/compiler/2025.0/lib/../lib/:/opt/intel/oneapi/ccl/2021.14/lib/../lib/:/usr/lib/gcc/x86_64-linux-gnu/12/:/usr/lib/gcc/x86_64-linux-gnu/12/../../../x86_64-linux-gnu/:/usr/lib/gcc/x86_64-linux-gnu/12/../../../../lib/:/lib/x86_64-linux-gnu/:/lib/../lib/:/usr/lib/x86_64-linux-gnu/:/usr/lib/../lib/:/opt/intel/oneapi/tcm/1.2/lib/:/opt/intel/oneapi/umf/0.9/lib/:/opt/intel/oneapi/tbb/2022.0/env/../lib/intel64/gcc4.8/:/opt/intel/oneapi/pti/0.10/lib/:/opt/intel/oneapi/mpi/2021.14/lib/:/opt/intel/oneapi/mkl/2025.0/lib/:/opt/intel/oneapi/ippcp/2025.0/lib/:/opt/intel/oneapi/ipp/2022.0/lib/:/opt/intel/oneapi/dnnl/2025.0/lib/:/opt/intel/oneapi/dal/2025.0/lib/:/opt/intel/oneapi/compiler/2025.0/lib/:/opt/intel/oneapi/ccl/2021.14/lib/:/usr/lib/gcc/x86_64-linux-gnu/12/../../../:/lib/:/usr/lib/]
  ignore line: [COLLECT_GCC_OPTIONS='-v' '-o' 'CMakeFiles/cmTC_f192f.dir/CMakeCXXCompilerABI.cpp.o' '-c' '-shared-libgcc' '-mtune=generic' '-march=x86-64' '-dumpdir' 'CMakeFiles/cmTC_f192f.dir/CMakeCXXCompilerABI.cpp.']
  ignore line: [Linking CXX executable cmTC_f192f]
  ignore line: [/usr/bin/cmake -E cmake_link_script CMakeFiles/cmTC_f192f.dir/link.txt --verbose=1]
  ignore line: [/usr/bin/c++  -v CMakeFiles/cmTC_f192f.dir/CMakeCXXCompilerABI.cpp.o -o cmTC_f192f ]
  ignore line: [Using built-in specs.]
  ignore line: [COLLECT_GCC=/usr/bin/c++]
  ignore line: [COLLECT_LTO_WRAPPER=/usr/lib/gcc/x86_64-linux-gnu/12/lto-wrapper]
  ignore line: [OFFLOAD_TARGET_NAMES=nvptx-none:amdgcn-amdhsa]
  ignore line: [OFFLOAD_TARGET_DEFAULT=1]
  ignore line: [Target: x86_64-linux-gnu]
  ignore line: [Configured with: ../src/configure -v --with-pkgversion='Debian 12.2.0-14' --with-bugurl=file:///usr/share/doc/gcc-12/README.Bugs --enable-languages=c ada c++ go d fortran objc obj-c++ m2 --prefix=/usr --with-gcc-major-version-only --program-suffix=-12 --program-prefix=x86_64-linux-gnu- --enable-shared --enable-linker-build-id --libexecdir=/usr/lib --without-included-gettext --enable-threads=posix --libdir=/usr/lib --enable-nls --enable-clocale=gnu --enable-libstdcxx-debug --enable-libstdcxx-time=yes --with-default-libstdcxx-abi=new --enable-gnu-unique-object --disable-vtable-verify --enable-plugin --enable-default-pie --with-system-zlib --enable-libphobos-checking=release --with-target-system-zlib=auto --enable-objc-gc=auto --enable-multiarch --disable-werror --enable-cet --with-arch-32=i686 --with-abi=m64 --with-multilib-list=m32 m64 mx32 --enable-multilib --with-tune=generic --enable-offload-targets=nvptx-none=/build/gcc-12-bTRWOB/gcc-12-12.2.0/debian/tmp-nvptx/usr amdgcn-amdhsa=/build/gcc-12-bTRWOB/gcc-12-12.2.0/debian/tmp-gcn/usr --enable-offload-defaulted --without-cuda-driver --enable-checking=release --build=x86_64-linux-gnu --host=x86_64-linux-gnu --target=x86_64-linux-gnu]
  ignore line: [Thread model: posix]
  ignore line: [Supported LTO compression algorithms: zlib zstd]
  ignore line: [gcc version 12.2.0 (Debian 12.2.0-14) ]
  ignore line: [COMPILER_PATH=/usr/lib/gcc/x86_64-linux-gnu/12/:/usr/lib/gcc/x86_64-linux-gnu/12/:/usr/lib/gcc/x86_64-linux-gnu/:/usr/lib/gcc/x86_64-linux-gnu/12/:/usr/lib/gcc/x86_64-linux-gnu/]
  ignore line: [LIBRARY_PATH=/opt/intel/oneapi/tcm/1.2/lib/../lib/:/opt/intel/oneapi/umf/0.9/lib/../lib/:/opt/intel/oneapi/tbb/2022.0/env/../lib/intel64/gcc4.8/../lib/:/opt/intel/oneapi/pti/0.10/lib/../lib/:/opt/intel/oneapi/mpi/2021.14/lib/../lib/:/opt/intel/oneapi/mkl/2025.0/lib/../lib/:/opt/intel/oneapi/ippcp/2025.0/lib/../lib/:/opt/intel/oneapi/ipp/2022.0/lib/../lib/:/opt/intel/oneapi/dnnl/2025.0/lib/../lib/:/opt/intel/oneapi/dal/2025.0/lib/../lib/:/opt/intel/oneapi/compiler/2025.0/lib/../lib/:/opt/intel/oneapi/ccl/2021.14/lib/../lib/:/usr/lib/gcc/x86_64-linux-gnu/12/:/usr/lib/gcc/x86_64-linux-gnu/12/../../../x86_64-linux-gnu/:/usr/lib/gcc/x86_64-linux-gnu/12/../../../../lib/:/lib/x86_64-linux-gnu/:/lib/../lib/:/usr/lib/x86_64-linux-gnu/:/usr/lib/../lib/:/opt/intel/oneapi/tcm/1.2/lib/:/opt/intel/oneapi/umf/0.9/lib/:/opt/intel/oneapi/tbb/2022.0/env/../lib/intel64/gcc4.8/:/opt/intel/oneapi/pti/0.10/lib/:/opt/intel/oneapi/mpi/2021.14/lib/:/opt/intel/oneapi/mkl/2025.0/lib/:/opt/intel/oneapi/ippcp/2025.0/lib/:/opt/intel/oneapi/ipp/2022.0/lib/:/opt/intel/oneapi/dnnl/2025.0/lib/:/opt/intel/oneapi/dal/2025.0/lib/:/opt/intel/oneapi/compiler/2025.0/lib/:/opt/intel/oneapi/ccl/2021.14/lib/:/usr/lib/gcc/x86_64-linux-gnu/12/../../../:/lib/:/usr/lib/]
  ignore line: [COLLECT_GCC_OPTIONS='-v' '-o' 'cmTC_f192f' '-shared-libgcc' '-mtune=generic' '-march=x86-64' '-dumpdir' 'cmTC_f192f.']
  link line: [ /usr/lib/gcc/x86_64-linux-gnu/12/collect2 -plugin /usr/lib/gcc/x86_64-linux-gnu/12/liblto_plugin.so -plugin-opt=/usr/lib/gcc/x86_64-linux-gnu/12/lto-wrapper -plugin-opt=-fresolution=/tmp/cc8VGrxj.res -plugin-opt=-pass-through=-lgcc_s -plugin-opt=-pass-through=-lgcc -plugin-opt=-pass-through=-lc -plugin-opt=-pass-through=-lgcc_s -plugin-opt=-pass-through=-lgcc --build-id --eh-frame-hdr -m elf_x86_64 --hash-style=gnu --as-needed -dynamic-linker /lib64/ld-linux-x86-64.so.2 -pie -o cmTC_f192f /usr/lib/gcc/x86_64-linux-gnu/12/../../../x86_64-linux-gnu/Scrt1.o /usr/lib/gcc/x86_64-linux-gnu/12/../../../x86_64-linux-gnu/crti.o /usr/lib/gcc/x86_64-linux-gnu/12/crtbeginS.o -L/opt/intel/oneapi/tcm/1.2/lib/../lib -L/opt/intel/oneapi/umf/0.9/lib/../lib -L/opt/intel/oneapi/tbb/2022.0/env/../lib/intel64/gcc4.8/../lib -L/opt/intel/oneapi/pti/0.10/lib/../lib -L/opt/intel/oneapi/mpi/2021.14/lib/../lib -L/opt/intel/oneapi/mkl/2025.0/lib/../lib -L/opt/intel/oneapi/ippcp/2025.0/lib/../lib -L/opt/intel/oneapi/ipp/2022.0/lib/../lib -L/opt/intel/oneapi/dnnl/2025.0/lib/../lib -L/opt/intel/oneapi/dal/2025.0/lib/../lib -L/opt/intel/oneapi/compiler/2025.0/lib/../lib -L/opt/intel/oneapi/ccl/2021.14/lib/../lib -L/usr/lib/gcc/x86_64-linux-gnu/12 -L/usr/lib/gcc/x86_64-linux-gnu/12/../../../x86_64-linux-gnu -L/usr/lib/gcc/x86_64-linux-gnu/12/../../../../lib -L/lib/x86_64-linux-gnu -L/lib/../lib -L/usr/lib/x86_64-linux-gnu -L/usr/lib/../lib -L/opt/intel/oneapi/tcm/1.2/lib -L/opt/intel/oneapi/umf/0.9/lib -L/opt/intel/oneapi/tbb/2022.0/env/../lib/intel64/gcc4.8 -L/opt/intel/oneapi/pti/0.10/lib -L/opt/intel/oneapi/mpi/2021.14/lib -L/opt/intel/oneapi/mkl/2025.0/lib -L/opt/intel/oneapi/ippcp/2025.0/lib -L/opt/intel/oneapi/ipp/2022.0/lib -L/opt/intel/oneapi/dnnl/2025.0/lib -L/opt/intel/oneapi/dal/2025.0/lib -L/opt/intel/oneapi/compiler/2025.0/lib -L/opt/intel/oneapi/ccl/2021.14/lib -L/usr/lib/gcc/x86_64-linux-gnu/12/../../.. CMakeFiles/cmTC_f192f.dir/CMakeCXXCompilerABI.cpp.o -lstdc++ -lm -lgcc_s -lgcc -lc -lgcc_s -lgcc /usr/lib/gcc/x86_64-linux-gnu/12/crtendS.o /usr/lib/gcc/x86_64-linux-gnu/12/../../../x86_64-linux-gnu/crtn.o]
    arg [/usr/lib/gcc/x86_64-linux-gnu/12/collect2] ==> ignore
    arg [-plugin] ==> ignore
    arg [/usr/lib/gcc/x86_64-linux-gnu/12/liblto_plugin.so] ==> ignore
    arg [-plugin-opt=/usr/lib/gcc/x86_64-linux-gnu/12/lto-wrapper] ==> ignore
    arg [-plugin-opt=-fresolution=/tmp/cc8VGrxj.res] ==> ignore
    arg [-plugin-opt=-pass-through=-lgcc_s] ==> ignore
    arg [-plugin-opt=-pass-through=-lgcc] ==> ignore
    arg [-plugin-opt=-pass-through=-lc] ==> ignore
    arg [-plugin-opt=-pass-through=-lgcc_s] ==> ignore
    arg [-plugin-opt=-pass-through=-lgcc] ==> ignore
    arg [--build-id] ==> ignore
    arg [--eh-frame-hdr] ==> ignore
    arg [-m] ==> ignore
    arg [elf_x86_64] ==> ignore
    arg [--hash-style=gnu] ==> ignore
    arg [--as-needed] ==> ignore
    arg [-dynamic-linker] ==> ignore
    arg [/lib64/ld-linux-x86-64.so.2] ==> ignore
    arg [-pie] ==> ignore
    arg [-o] ==> ignore
    arg [cmTC_f192f] ==> ignore
    arg [/usr/lib/gcc/x86_64-linux-gnu/12/../../../x86_64-linux-gnu/Scrt1.o] ==> obj [/usr/lib/gcc/x86_64-linux-gnu/12/../../../x86_64-linux-gnu/Scrt1.o]
    arg [/usr/lib/gcc/x86_64-linux-gnu/12/../../../x86_64-linux-gnu/crti.o] ==> obj [/usr/lib/gcc/x86_64-linux-gnu/12/../../../x86_64-linux-gnu/crti.o]
    arg [/usr/lib/gcc/x86_64-linux-gnu/12/crtbeginS.o] ==> obj [/usr/lib/gcc/x86_64-linux-gnu/12/crtbeginS.o]
    arg [-L/opt/intel/oneapi/tcm/1.2/lib/../lib] ==> dir [/opt/intel/oneapi/tcm/1.2/lib/../lib]
    arg [-L/opt/intel/oneapi/umf/0.9/lib/../lib] ==> dir [/opt/intel/oneapi/umf/0.9/lib/../lib]
    arg [-L/opt/intel/oneapi/tbb/2022.0/env/../lib/intel64/gcc4.8/../lib] ==> dir [/opt/intel/oneapi/tbb/2022.0/env/../lib/intel64/gcc4.8/../lib]
    arg [-L/opt/intel/oneapi/pti/0.10/lib/../lib] ==> dir [/opt/intel/oneapi/pti/0.10/lib/../lib]
    arg [-L/opt/intel/oneapi/mpi/2021.14/lib/../lib] ==> dir [/opt/intel/oneapi/mpi/2021.14/lib/../lib]
    arg [-L/opt/intel/oneapi/mkl/2025.0/lib/../lib] ==> dir [/opt/intel/oneapi/mkl/2025.0/lib/../lib]
    arg [-L/opt/intel/oneapi/ippcp/2025.0/lib/../lib] ==> dir [/opt/intel/oneapi/ippcp/2025.0/lib/../lib]
    arg [-L/opt/intel/oneapi/ipp/2022.0/lib/../lib] ==> dir [/opt/intel/oneapi/ipp/2022.0/lib/../lib]
    arg [-L/opt/intel/oneapi/dnnl/2025.0/lib/../lib] ==> dir [/opt/intel/oneapi/dnnl/2025.0/lib/../lib]
    arg [-L/opt/intel/oneapi/dal/2025.0/lib/../lib] ==> dir [/opt/intel/oneapi/dal/2025.0/lib/../lib]
    arg [-L/opt/intel/oneapi/compiler/2025.0/lib/../lib] ==> dir [/opt/intel/oneapi/compiler/2025.0/lib/../lib]
    arg [-L/opt/intel/oneapi/ccl/2021.14/lib/../lib] ==> dir [/opt/intel/oneapi/ccl/2021.14/lib/../lib]
    arg [-L/usr/lib/gcc/x86_64-linux-gnu/12] ==> dir [/usr/lib/gcc/x86_64-linux-gnu/12]
    arg [-L/usr/lib/gcc/x86_64-linux-gnu/12/../../../x86_64-linux-gnu] ==> dir [/usr/lib/gcc/x86_64-linux-gnu/12/../../../x86_64-linux-gnu]
    arg [-L/usr/lib/gcc/x86_64-linux-gnu/12/../../../../lib] ==> dir [/usr/lib/gcc/x86_64-linux-gnu/12/../../../../lib]
    arg [-L/lib/x86_64-linux-gnu] ==> dir [/lib/x86_64-linux-gnu]
    arg [-L/lib/../lib] ==> dir [/lib/../lib]
    arg [-L/usr/lib/x86_64-linux-gnu] ==> dir [/usr/lib/x86_64-linux-gnu]
    arg [-L/usr/lib/../lib] ==> dir [/usr/lib/../lib]
    arg [-L/opt/intel/oneapi/tcm/1.2/lib] ==> dir [/opt/intel/oneapi/tcm/1.2/lib]
    arg [-L/opt/intel/oneapi/umf/0.9/lib] ==> dir [/opt/intel/oneapi/umf/0.9/lib]
    arg [-L/opt/intel/oneapi/tbb/2022.0/env/../lib/intel64/gcc4.8] ==> dir [/opt/intel/oneapi/tbb/2022.0/env/../lib/intel64/gcc4.8]
    arg [-L/opt/intel/oneapi/pti/0.10/lib] ==> dir [/opt/intel/oneapi/pti/0.10/lib]
    arg [-L/opt/intel/oneapi/mpi/2021.14/lib] ==> dir [/opt/intel/oneapi/mpi/2021.14/lib]
    arg [-L/opt/intel/oneapi/mkl/2025.0/lib] ==> dir [/opt/intel/oneapi/mkl/2025.0/lib]
    arg [-L/opt/intel/oneapi/ippcp/2025.0/lib] ==> dir [/opt/intel/oneapi/ippcp/2025.0/lib]
    arg [-L/opt/intel/oneapi/ipp/2022.0/lib] ==> dir [/opt/intel/oneapi/ipp/2022.0/lib]
    arg [-L/opt/intel/oneapi/dnnl/2025.0/lib] ==> dir [/opt/intel/oneapi/dnnl/2025.0/lib]
    arg [-L/opt/intel/oneapi/dal/2025.0/lib] ==> dir [/opt/intel/oneapi/dal/2025.0/lib]
    arg [-L/opt/intel/oneapi/compiler/2025.0/lib] ==> dir [/opt/intel/oneapi/compiler/2025.0/lib]
    arg [-L/opt/intel/oneapi/ccl/2021.14/lib] ==> dir [/opt/intel/oneapi/ccl/2021.14/lib]
    arg [-L/usr/lib/gcc/x86_64-linux-gnu/12/../../..] ==> dir [/usr/lib/gcc/x86_64-linux-gnu/12/../../..]
    arg [CMakeFiles/cmTC_f192f.dir/CMakeCXXCompilerABI.cpp.o] ==> ignore
    arg [-lstdc++] ==> lib [stdc++]
    arg [-lm] ==> lib [m]
    arg [-lgcc_s] ==> lib [gcc_s]
    arg [-lgcc] ==> lib [gcc]
    arg [-lc] ==> lib [c]
    arg [-lgcc_s] ==> lib [gcc_s]
    arg [-lgcc] ==> lib [gcc]
    arg [/usr/lib/gcc/x86_64-linux-gnu/12/crtendS.o] ==> obj [/usr/lib/gcc/x86_64-linux-gnu/12/crtendS.o]
    arg [/usr/lib/gcc/x86_64-linux-gnu/12/../../../x86_64-linux-gnu/crtn.o] ==> obj [/usr/lib/gcc/x86_64-linux-gnu/12/../../../x86_64-linux-gnu/crtn.o]
  collapse obj [/usr/lib/gcc/x86_64-linux-gnu/12/../../../x86_64-linux-gnu/Scrt1.o] ==> [/usr/lib/x86_64-linux-gnu/Scrt1.o]
  collapse obj [/usr/lib/gcc/x86_64-linux-gnu/12/../../../x86_64-linux-gnu/crti.o] ==> [/usr/lib/x86_64-linux-gnu/crti.o]
  collapse obj [/usr/lib/gcc/x86_64-linux-gnu/12/../../../x86_64-linux-gnu/crtn.o] ==> [/usr/lib/x86_64-linux-gnu/crtn.o]
  collapse library dir [/opt/intel/oneapi/tcm/1.2/lib/../lib] ==> [/opt/intel/oneapi/tcm/1.2/lib]
  collapse library dir [/opt/intel/oneapi/umf/0.9/lib/../lib] ==> [/opt/intel/oneapi/umf/0.9/lib]
  collapse library dir [/opt/intel/oneapi/tbb/2022.0/env/../lib/intel64/gcc4.8/../lib] ==> [/opt/intel/oneapi/tbb/2022.0/lib/intel64/lib]
  collapse library dir [/opt/intel/oneapi/pti/0.10/lib/../lib] ==> [/opt/intel/oneapi/pti/0.10/lib]
  collapse library dir [/opt/intel/oneapi/mpi/2021.14/lib/../lib] ==> [/opt/intel/oneapi/mpi/2021.14/lib]
  collapse library dir [/opt/intel/oneapi/mkl/2025.0/lib/../lib] ==> [/opt/intel/oneapi/mkl/2025.0/lib]
  collapse library dir [/opt/intel/oneapi/ippcp/2025.0/lib/../lib] ==> [/opt/intel/oneapi/ippcp/2025.0/lib]
  collapse library dir [/opt/intel/oneapi/ipp/2022.0/lib/../lib] ==> [/opt/intel/oneapi/ipp/2022.0/lib]
  collapse library dir [/opt/intel/oneapi/dnnl/2025.0/lib/../lib] ==> [/opt/intel/oneapi/dnnl/2025.0/lib]
  collapse library dir [/opt/intel/oneapi/dal/2025.0/lib/../lib] ==> [/opt/intel/oneapi/dal/2025.0/lib]
  collapse library dir [/opt/intel/oneapi/compiler/2025.0/lib/../lib] ==> [/opt/intel/oneapi/compiler/2025.0/lib]
  collapse library dir [/opt/intel/oneapi/ccl/2021.14/lib/../lib] ==> [/opt/intel/oneapi/ccl/2021.14/lib]
  collapse library dir [/usr/lib/gcc/x86_64-linux-gnu/12] ==> [/usr/lib/gcc/x86_64-linux-gnu/12]
  collapse library dir [/usr/lib/gcc/x86_64-linux-gnu/12/../../../x86_64-linux-gnu] ==> [/usr/lib/x86_64-linux-gnu]
  collapse library dir [/usr/lib/gcc/x86_64-linux-gnu/12/../../../../lib] ==> [/usr/lib]
  collapse library dir [/lib/x86_64-linux-gnu] ==> [/lib/x86_64-linux-gnu]
  collapse library dir [/lib/../lib] ==> [/lib]
  collapse library dir [/usr/lib/x86_64-linux-gnu] ==> [/usr/lib/x86_64-linux-gnu]
  collapse library dir [/usr/lib/../lib] ==> [/usr/lib]
  collapse library dir [/opt/intel/oneapi/tcm/1.2/lib] ==> [/opt/intel/oneapi/tcm/1.2/lib]
  collapse library dir [/opt/intel/oneapi/umf/0.9/lib] ==> [/opt/intel/oneapi/umf/0.9/lib]
  collapse library dir [/opt/intel/oneapi/tbb/2022.0/env/../lib/intel64/gcc4.8] ==> [/opt/intel/oneapi/tbb/2022.0/lib/intel64/gcc4.8]
  collapse library dir [/opt/intel/oneapi/pti/0.10/lib] ==> [/opt/intel/oneapi/pti/0.10/lib]
  collapse library dir [/opt/intel/oneapi/mpi/2021.14/lib] ==> [/opt/intel/oneapi/mpi/2021.14/lib]
  collapse library dir [/opt/intel/oneapi/mkl/2025.0/lib] ==> [/opt/intel/oneapi/mkl/2025.0/lib]
  collapse library dir [/opt/intel/oneapi/ippcp/2025.0/lib] ==> [/opt/intel/oneapi/ippcp/2025.0/lib]
  collapse library dir [/opt/intel/oneapi/ipp/2022.0/lib] ==> [/opt/intel/oneapi/ipp/2022.0/lib]
  collapse library dir [/opt/intel/oneapi/dnnl/2025.0/lib] ==> [/opt/intel/oneapi/dnnl/2025.0/lib]
  collapse library dir [/opt/intel/oneapi/dal/2025.0/lib] ==> [/opt/intel/oneapi/dal/2025.0/lib]
  collapse library dir [/opt/intel/oneapi/compiler/2025.0/lib] ==> [/opt/intel/oneapi/compiler/2025.0/lib]
  collapse library dir [/opt/intel/oneapi/ccl/2021.14/lib] ==> [/opt/intel/oneapi/ccl/2021.14/lib]
  collapse library dir [/usr/lib/gcc/x86_64-linux-gnu/12/../../..] ==> [/usr/lib]
  implicit libs: [stdc++;m;gcc_s;gcc;c;gcc_s;gcc]
  implicit objs: [/usr/lib/x86_64-linux-gnu/Scrt1.o;/usr/lib/x86_64-linux-gnu/crti.o;/usr/lib/gcc/x86_64-linux-gnu/12/crtbeginS.o;/usr/lib/gcc/x86_64-linux-gnu/12/crtendS.o;/usr/lib/x86_64-linux-gnu/crtn.o]
  implicit dirs: [/opt/intel/oneapi/tcm/1.2/lib;/opt/intel/oneapi/umf/0.9/lib;/opt/intel/oneapi/tbb/2022.0/lib/intel64/lib;/opt/intel/oneapi/pti/0.10/lib;/opt/intel/oneapi/mpi/2021.14/lib;/opt/intel/oneapi/mkl/2025.0/lib;/opt/intel/oneapi/ippcp/2025.0/lib;/opt/intel/oneapi/ipp/2022.0/lib;/opt/intel/oneapi/dnnl/2025.0/lib;/opt/intel/oneapi/dal/2025.0/lib;/opt/intel/oneapi/compiler/2025.0/lib;/opt/intel/oneapi/ccl/2021.14/lib;/usr/lib/gcc/x86_64-linux-gnu/12;/usr/lib/x86_64-linux-gnu;/usr/lib;/lib/x86_64-linux-gnu;/lib;/opt/intel/oneapi/tbb/2022.0/lib/intel64/gcc4.8]
  implicit fwks: []


